#
# There is insufficient memory for the Java Runtime Environment to continue.
# Native memory allocation (malloc) failed to allocate 1477888 bytes. Error detail: Chunk::new
# Possible reasons:
#   The system is out of physical RAM or swap space
#   This process is running with CompressedOops enabled, and the Java Heap may be blocking the growth of the native heap
# Possible solutions:
#   Reduce memory load on the system
#   Increase physical memory or swap space
#   Check if swap backing store is full
#   Decrease Java heap size (-Xmx/-Xms)
#   Decrease number of Java threads
#   Decrease Java thread stack sizes (-Xss)
#   Set larger code cache with -XX:ReservedCodeCacheSize=
#   JVM is running with Unscaled Compressed Oops mode in which the Java heap is
#     placed in the first 4GB address space. The Java Heap base address is the
#     maximum limit for the native heap growth. Please use -XX:HeapBaseMinAddress
#     to set the Java Heap base and to place the Java Heap above 4GB virtual address.
# This output file may be truncated or incomplete.
#
#  Out of Memory Error (arena.cpp:168), pid=9800, tid=10100
#
# JRE version: OpenJDK Runtime Environment Temurin-21.0.5+11 (21.0.5+11) (build 21.0.5+11-LTS)
# Java VM: OpenJDK 64-Bit Server VM Temurin-21.0.5+11 (21.0.5+11-LTS, mixed mode, sharing, tiered, compressed oops, compressed class ptrs, parallel gc, windows-amd64)
# No core dump will be written. Minidumps are not enabled by default on client versions of Windows
#

---------------  S U M M A R Y ------------

Command Line: --add-modules=ALL-SYSTEM --add-opens=java.base/java.util=ALL-UNNAMED --add-opens=java.base/java.lang=ALL-UNNAMED --add-opens=java.base/sun.nio.fs=ALL-UNNAMED -Declipse.application=org.eclipse.jdt.ls.core.id1 -Dosgi.bundles.defaultStartLevel=4 -Declipse.product=org.eclipse.jdt.ls.core.product -Djava.import.generatesMetadataFilesAtProjectRoot=false -DDetectVMInstallationsJob.disabled=true -Dfile.encoding=utf8 -XX:+UseParallelGC -XX:GCTimeRatio=4 -XX:AdaptiveSizePolicyWeight=90 -Dsun.zip.disableMemoryMapping=true -Xmx1G -Xms100m -Xlog:disable -javaagent:c:\Users\bappa\.vscode\extensions\redhat.java-1.39.0-win32-x64\lombok\lombok-1.18.34.jar -XX:+HeapDumpOnOutOfMemoryError -XX:HeapDumpPath=c:\Users\bappa\AppData\Roaming\Code\User\workspaceStorage\90d377f917b17aaa3f97234e233ec56e\redhat.java -Daether.dependencyCollector.impl=bf c:\Users\bappa\.vscode\extensions\redhat.java-1.39.0-win32-x64\server\plugins\org.eclipse.equinox.launcher_1.6.900.v20240613-2009.jar -configuration c:\Users\bappa\AppData\Roaming\Code\User\globalStorage\redhat.java\1.39.0\config_win -data c:\Users\bappa\AppData\Roaming\Code\User\workspaceStorage\90d377f917b17aaa3f97234e233ec56e\redhat.java\jdt_ws --pipe=\\.\pipe\lsp-b0bd9c484c50192a0eda4ce2a852057e-sock

Host: Intel(R) Core(TM) i5-1035G1 CPU @ 1.00GHz, 8 cores, 7G,  Windows 11 , 64 bit Build 26100 (10.0.26100.2454)
Time: Sun Feb  2 10:42:13 2025 India Standard Time elapsed time: 113.536265 seconds (0d 0h 1m 53s)

---------------  T H R E A D  ---------------

Current thread (0x000002be5cc399c0):  JavaThread "C2 CompilerThread0" daemon [_thread_in_native, id=10100, stack(0x000000ca5aa00000,0x000000ca5ab00000) (1024K)]


Current CompileTask:
C2:113536 13392 % !   4       org.eclipse.jdt.internal.compiler.classfmt.ClassFileReader::<init> @ 802 (2135 bytes)

Stack: [0x000000ca5aa00000,0x000000ca5ab00000]
Native frames: (J=compiled Java code, j=interpreted, Vv=VM code, C=native code)
V  [jvm.dll+0x6cd4e9]
V  [jvm.dll+0x8a7941]
V  [jvm.dll+0x8a9e6e]
V  [jvm.dll+0x8aa543]
V  [jvm.dll+0x27f6d6]
V  [jvm.dll+0xc500d]
V  [jvm.dll+0xc5543]
V  [jvm.dll+0x3b660c]
V  [jvm.dll+0x382835]
V  [jvm.dll+0x381c9a]
V  [jvm.dll+0x2479d0]
V  [jvm.dll+0x246faf]
V  [jvm.dll+0x1c75ce]
V  [jvm.dll+0x25682a]
V  [jvm.dll+0x254dca]
V  [jvm.dll+0x3f00d6]
V  [jvm.dll+0x8514fb]
V  [jvm.dll+0x6cbbed]
C  [ucrtbase.dll+0x14ea0]
C  [KERNEL32.DLL+0x2e8d7]
C  [ntdll.dll+0xdfbcc]


---------------  P R O C E S S  ---------------

Threads class SMR info:
_java_thread_list=0x000002be708d6fd0, length=70, elements={
0x000002be48719ee0, 0x000002be5cc2da60, 0x000002be5cc2fdd0, 0x000002be5cc33450,
0x000002be5cc34300, 0x000002be5cc361e0, 0x000002be5cc38c40, 0x000002be5cc399c0,
0x000002be5e743d30, 0x000002be5e7af4e0, 0x000002be5ea141e0, 0x000002be637d4b30,
0x000002be639bdb90, 0x000002be63528720, 0x000002be6378edd0, 0x000002be63d3bd10,
0x000002be630b3590, 0x000002be5e919c00, 0x000002be5e91a290, 0x000002be5e91afb0,
0x000002be5e91a920, 0x000002be5e91b640, 0x000002be5e91bcd0, 0x000002be5e91c9f0,
0x000002be5e91c360, 0x000002be652cd2d0, 0x000002be652cb890, 0x000002be652cd960,
0x000002be652cdff0, 0x000002be652ccc40, 0x000002be652ce680, 0x000002be652cb200,
0x000002be652cbf20, 0x000002be652cc5b0, 0x000002be652d1b00, 0x000002be652cfa30,
0x000002be652d2190, 0x000002be652d1470, 0x000002be652ced10, 0x000002be652d2820,
0x000002be652cf3a0, 0x000002be644af9f0, 0x000002be644b0da0, 0x000002be644b2150,
0x000002be644b0080, 0x000002be644b27e0, 0x000002be644b2e70, 0x000002be644b0710,
0x000002be644b1430, 0x000002be644b1ac0, 0x000002be63f8e190, 0x000002be63f8eeb0,
0x000002be63f8c0c0, 0x000002be63f8d470, 0x000002be63f8e820, 0x000002be63f8c750,
0x000002be63f8cde0, 0x000002be63f8f540, 0x000002be63f8db00, 0x000002be63971290,
0x000002be63971fb0, 0x000002be63970570, 0x000002be63971920, 0x000002be63972640,
0x000002be63973360, 0x000002be63970c00, 0x000002be63974710, 0x000002be639767e0,
0x000002be7136ecc0, 0x000002be7136df20
}

Java Threads: ( => current thread )
  0x000002be48719ee0 JavaThread "main"                              [_thread_blocked, id=13008, stack(0x000000ca5a000000,0x000000ca5a100000) (1024K)]
  0x000002be5cc2da60 JavaThread "Reference Handler"          daemon [_thread_blocked, id=10592, stack(0x000000ca5a400000,0x000000ca5a500000) (1024K)]
  0x000002be5cc2fdd0 JavaThread "Finalizer"                  daemon [_thread_blocked, id=13228, stack(0x000000ca5a500000,0x000000ca5a600000) (1024K)]
  0x000002be5cc33450 JavaThread "Signal Dispatcher"          daemon [_thread_blocked, id=6656, stack(0x000000ca5a600000,0x000000ca5a700000) (1024K)]
  0x000002be5cc34300 JavaThread "Attach Listener"            daemon [_thread_blocked, id=1724, stack(0x000000ca5a700000,0x000000ca5a800000) (1024K)]
  0x000002be5cc361e0 JavaThread "Service Thread"             daemon [_thread_blocked, id=12760, stack(0x000000ca5a800000,0x000000ca5a900000) (1024K)]
  0x000002be5cc38c40 JavaThread "Monitor Deflation Thread"   daemon [_thread_blocked, id=12492, stack(0x000000ca5a900000,0x000000ca5aa00000) (1024K)]
=>0x000002be5cc399c0 JavaThread "C2 CompilerThread0"         daemon [_thread_in_native, id=10100, stack(0x000000ca5aa00000,0x000000ca5ab00000) (1024K)]
  0x000002be5e743d30 JavaThread "C1 CompilerThread0"         daemon [_thread_blocked, id=12120, stack(0x000000ca5ab00000,0x000000ca5ac00000) (1024K)]
  0x000002be5e7af4e0 JavaThread "Common-Cleaner"             daemon [_thread_blocked, id=12692, stack(0x000000ca5ac00000,0x000000ca5ad00000) (1024K)]
  0x000002be5ea141e0 JavaThread "Notification Thread"        daemon [_thread_blocked, id=3788, stack(0x000000ca5ad00000,0x000000ca5ae00000) (1024K)]
  0x000002be637d4b30 JavaThread "Active Thread: Equinox Container: daba9177-bba7-4d6d-9fd5-15dc4f788d6b"        [_thread_blocked, id=8904, stack(0x000000ca5b500000,0x000000ca5b600000) (1024K)]
  0x000002be639bdb90 JavaThread "Refresh Thread: Equinox Container: daba9177-bba7-4d6d-9fd5-15dc4f788d6b" daemon [_thread_blocked, id=9212, stack(0x000000ca5b700000,0x000000ca5b800000) (1024K)]
  0x000002be63528720 JavaThread "Framework Event Dispatcher: Equinox Container: daba9177-bba7-4d6d-9fd5-15dc4f788d6b" daemon [_thread_blocked, id=1376, stack(0x000000ca5b400000,0x000000ca5b500000) (1024K)]
  0x000002be6378edd0 JavaThread "Start Level: Equinox Container: daba9177-bba7-4d6d-9fd5-15dc4f788d6b" daemon [_thread_blocked, id=9552, stack(0x000000ca5b600000,0x000000ca5b700000) (1024K)]
  0x000002be63d3bd10 JavaThread "Bundle File Closer"         daemon [_thread_blocked, id=10060, stack(0x000000ca5b900000,0x000000ca5ba00000) (1024K)]
  0x000002be630b3590 JavaThread "SCR Component Actor"        daemon [_thread_blocked, id=11028, stack(0x000000ca5ba00000,0x000000ca5bb00000) (1024K)]
  0x000002be5e919c00 JavaThread "Worker-JM"                         [_thread_blocked, id=7120, stack(0x000000ca5bc00000,0x000000ca5bd00000) (1024K)]
  0x000002be5e91a290 JavaThread "JNA Cleaner"                daemon [_thread_blocked, id=5248, stack(0x000000ca5bb00000,0x000000ca5bc00000) (1024K)]
  0x000002be5e91afb0 JavaThread "Worker-0: Check JDK Index"         [_thread_blocked, id=6708, stack(0x000000ca5bd00000,0x000000ca5be00000) (1024K)]
  0x000002be5e91a920 JavaThread "Worker-1"                          [_thread_blocked, id=9968, stack(0x000000ca5bf00000,0x000000ca5c000000) (1024K)]
  0x000002be5e91b640 JavaThread "Worker-2"                          [_thread_blocked, id=8952, stack(0x000000ca5c000000,0x000000ca5c100000) (1024K)]
  0x000002be5e91bcd0 JavaThread "Java indexing"              daemon [_thread_in_Java, id=12988, stack(0x000000ca5c200000,0x000000ca5c300000) (1024K)]
  0x000002be5e91c9f0 JavaThread "Worker-3"                          [_thread_blocked, id=7620, stack(0x000000ca5c300000,0x000000ca5c400000) (1024K)]
  0x000002be5e91c360 JavaThread "Worker-4: Java indexing... "        [_thread_blocked, id=6724, stack(0x000000ca5c500000,0x000000ca5c600000) (1024K)]
  0x000002be652cd2d0 JavaThread "Thread-3"                   daemon [_thread_in_native, id=6516, stack(0x000000ca5c600000,0x000000ca5c700000) (1024K)]
  0x000002be652cb890 JavaThread "Thread-4"                   daemon [_thread_in_native, id=12636, stack(0x000000ca5c700000,0x000000ca5c800000) (1024K)]
  0x000002be652cd960 JavaThread "Thread-5"                   daemon [_thread_in_native, id=2088, stack(0x000000ca5c800000,0x000000ca5c900000) (1024K)]
  0x000002be652cdff0 JavaThread "Thread-6"                   daemon [_thread_in_native, id=8604, stack(0x000000ca5c900000,0x000000ca5ca00000) (1024K)]
  0x000002be652ccc40 JavaThread "Thread-7"                   daemon [_thread_in_native, id=3576, stack(0x000000ca5ca00000,0x000000ca5cb00000) (1024K)]
  0x000002be652ce680 JavaThread "Thread-8"                   daemon [_thread_in_native, id=5084, stack(0x000000ca5cb00000,0x000000ca5cc00000) (1024K)]
  0x000002be652cb200 JavaThread "Thread-9"                   daemon [_thread_in_native, id=6560, stack(0x000000ca5cc00000,0x000000ca5cd00000) (1024K)]
  0x000002be652cbf20 JavaThread "Thread-10"                  daemon [_thread_in_native, id=3220, stack(0x000000ca5cd00000,0x000000ca5ce00000) (1024K)]
  0x000002be652cc5b0 JavaThread "Thread-11"                  daemon [_thread_in_native, id=3692, stack(0x000000ca5ce00000,0x000000ca5cf00000) (1024K)]
  0x000002be652d1b00 JavaThread "pool-2-thread-1"                   [_thread_blocked, id=12652, stack(0x000000ca5cf00000,0x000000ca5d000000) (1024K)]
  0x000002be652cfa30 JavaThread "Worker-5"                          [_thread_blocked, id=4032, stack(0x000000ca5d000000,0x000000ca5d100000) (1024K)]
  0x000002be652d2190 JavaThread "Worker-6"                          [_thread_blocked, id=1064, stack(0x000000ca5d100000,0x000000ca5d200000) (1024K)]
  0x000002be652d1470 JavaThread "Worker-7"                          [_thread_blocked, id=12044, stack(0x000000ca5d200000,0x000000ca5d300000) (1024K)]
  0x000002be652ced10 JavaThread "WorkspaceEventsHandler"            [_thread_blocked, id=6212, stack(0x000000ca5d400000,0x000000ca5d500000) (1024K)]
  0x000002be652d2820 JavaThread "pool-1-thread-1"                   [_thread_blocked, id=7316, stack(0x000000ca5d500000,0x000000ca5d600000) (1024K)]
  0x000002be652cf3a0 JavaThread "LocalFile Deleter"          daemon [_thread_blocked, id=8936, stack(0x000000ca5c100000,0x000000ca5c200000) (1024K)]
  0x000002be644af9f0 JavaThread "LocalFile Deleter"          daemon [_thread_blocked, id=7740, stack(0x000000ca5d600000,0x000000ca5d700000) (1024K)]
  0x000002be644b0da0 JavaThread "LocalFile Deleter"          daemon [_thread_blocked, id=9928, stack(0x000000ca5d700000,0x000000ca5d800000) (1024K)]
  0x000002be644b2150 JavaThread "LocalFile Deleter"          daemon [_thread_blocked, id=11428, stack(0x000000ca5d800000,0x000000ca5d900000) (1024K)]
  0x000002be644b0080 JavaThread "LocalFile Deleter"          daemon [_thread_blocked, id=13100, stack(0x000000ca5d900000,0x000000ca5da00000) (1024K)]
  0x000002be644b27e0 JavaThread "LocalFile Deleter"          daemon [_thread_blocked, id=5684, stack(0x000000ca5da00000,0x000000ca5db00000) (1024K)]
  0x000002be644b2e70 JavaThread "LocalFile Deleter"          daemon [_thread_blocked, id=11688, stack(0x000000ca5db00000,0x000000ca5dc00000) (1024K)]
  0x000002be644b0710 JavaThread "LocalFile Deleter"          daemon [_thread_blocked, id=10188, stack(0x000000ca5dc00000,0x000000ca5dd00000) (1024K)]
  0x000002be644b1430 JavaThread "Compiler Source File Reader" daemon [_thread_blocked, id=3640, stack(0x000000ca5de00000,0x000000ca5df00000) (1024K)]
  0x000002be644b1ac0 JavaThread "Compiler Source File Reader" daemon [_thread_blocked, id=11640, stack(0x000000ca5df00000,0x000000ca5e000000) (1024K)]
  0x000002be63f8e190 JavaThread "Compiler Source File Reader" daemon [_thread_blocked, id=7752, stack(0x000000ca5e000000,0x000000ca5e100000) (1024K)]
  0x000002be63f8eeb0 JavaThread "Compiler Source File Reader" daemon [_thread_blocked, id=5556, stack(0x000000ca5e100000,0x000000ca5e200000) (1024K)]
  0x000002be63f8c0c0 JavaThread "Compiler Source File Reader" daemon [_thread_blocked, id=8428, stack(0x000000ca5e200000,0x000000ca5e300000) (1024K)]
  0x000002be63f8d470 JavaThread "Compiler Source File Reader" daemon [_thread_blocked, id=5836, stack(0x000000ca5e300000,0x000000ca5e400000) (1024K)]
  0x000002be63f8e820 JavaThread "Compiler Processing Task"   daemon [_thread_blocked, id=12488, stack(0x000000ca5dd00000,0x000000ca5de00000) (1024K)]
  0x000002be63f8c750 JavaThread "Compiler Class File Writer" daemon [_thread_blocked, id=900, stack(0x000000ca5e500000,0x000000ca5e600000) (1024K)]
  0x000002be63f8cde0 JavaThread "Compiler Class File Writer" daemon [_thread_blocked, id=12456, stack(0x000000ca5e700000,0x000000ca5e800000) (1024K)]
  0x000002be63f8f540 JavaThread "Compiler Class File Writer" daemon [_thread_blocked, id=1864, stack(0x000000ca5e800000,0x000000ca5e900000) (1024K)]
  0x000002be63f8db00 JavaThread "Compiler Class File Writer" daemon [_thread_blocked, id=6296, stack(0x000000ca5e900000,0x000000ca5ea00000) (1024K)]
  0x000002be63971290 JavaThread "Compiler Class File Writer" daemon [_thread_blocked, id=8224, stack(0x000000ca5ea00000,0x000000ca5eb00000) (1024K)]
  0x000002be63971fb0 JavaThread "Compiler Class File Writer" daemon [_thread_blocked, id=3800, stack(0x000000ca5eb00000,0x000000ca5ec00000) (1024K)]
  0x000002be63970570 JavaThread "ForkJoinPool.commonPool-worker-1" daemon [_thread_blocked, id=8000, stack(0x000000ca59e00000,0x000000ca59f00000) (1024K)]
  0x000002be63971920 JavaThread "ForkJoinPool.commonPool-worker-2" daemon [_thread_blocked, id=8248, stack(0x000000ca59f00000,0x000000ca5a000000) (1024K)]
  0x000002be63972640 JavaThread "ForkJoinPool.commonPool-worker-3" daemon [_thread_blocked, id=3548, stack(0x000000ca5e400000,0x000000ca5e500000) (1024K)]
  0x000002be63973360 JavaThread "ForkJoinPool.commonPool-worker-4" daemon [_thread_blocked, id=1852, stack(0x000000ca5e600000,0x000000ca5e700000) (1024K)]
  0x000002be63970c00 JavaThread "ForkJoinPool.commonPool-worker-5" daemon [_thread_blocked, id=2704, stack(0x000000ca5ec00000,0x000000ca5ed00000) (1024K)]
  0x000002be63974710 JavaThread "ForkJoinPool.commonPool-worker-6" daemon [_thread_blocked, id=11632, stack(0x000000ca5f000000,0x000000ca5f100000) (1024K)]
  0x000002be639767e0 JavaThread "Cleaner-0"                  daemon [_thread_blocked, id=7780, stack(0x000000ca5ef00000,0x000000ca5f000000) (1024K)]
  0x000002be7136ecc0 JavaThread "C2 CompilerThread1"         daemon [_thread_in_native, id=12780, stack(0x000000ca5ed00000,0x000000ca5ee00000) (1024K)]
  0x000002be7136df20 JavaThread "C2 CompilerThread2"         daemon [_thread_in_native, id=1936, stack(0x000000ca5ee00000,0x000000ca5ef00000) (1024K)]
Total: 70

Other Threads:
  0x000002be5cc11a30 VMThread "VM Thread"                           [id=4612, stack(0x000000ca5a300000,0x000000ca5a400000) (1024K)]
  0x000002be48789bb0 WatcherThread "VM Periodic Task Thread"        [id=4836, stack(0x000000ca5a200000,0x000000ca5a300000) (1024K)]
  0x000002be487391e0 WorkerThread "GC Thread#0"                     [id=12620, stack(0x000000ca5a100000,0x000000ca5a200000) (1024K)]
  0x000002be63127b90 WorkerThread "GC Thread#1"                     [id=11720, stack(0x000000ca5ae00000,0x000000ca5af00000) (1024K)]
  0x000002be63129bb0 WorkerThread "GC Thread#2"                     [id=12140, stack(0x000000ca5af00000,0x000000ca5b000000) (1024K)]
  0x000002be635751b0 WorkerThread "GC Thread#3"                     [id=6908, stack(0x000000ca5b000000,0x000000ca5b100000) (1024K)]
  0x000002be63575550 WorkerThread "GC Thread#4"                     [id=13004, stack(0x000000ca5b100000,0x000000ca5b200000) (1024K)]
  0x000002be63575cf0 WorkerThread "GC Thread#5"                     [id=3256, stack(0x000000ca5b200000,0x000000ca5b300000) (1024K)]
  0x000002be63576090 WorkerThread "GC Thread#6"                     [id=1948, stack(0x000000ca5b300000,0x000000ca5b400000) (1024K)]
  0x000002be636708e0 WorkerThread "GC Thread#7"                     [id=5980, stack(0x000000ca5b800000,0x000000ca5b900000) (1024K)]
Total: 10

Threads with active compile tasks:
C2 CompilerThread0  113720 13392 % !   4       org.eclipse.jdt.internal.compiler.classfmt.ClassFileReader::<init> @ 802 (2135 bytes)
C2 CompilerThread1  113720 13396       4       org.eclipse.jdt.internal.core.search.indexing.AbstractIndexer::addMethodDeclaration (105 bytes)
C2 CompilerThread2  113720 13386   !   4       org.eclipse.jdt.internal.core.search.indexing.BinaryIndexer::indexDocument (1204 bytes)
Total: 3

VM state: not at safepoint (normal execution)

VM Mutex/Monitor currently owned by a thread: None

Heap address: 0x00000000c0000000, size: 1024 MB, Compressed Oops mode: 32-bit

CDS archive(s) mapped at: [0x000002be00000000-0x000002be00ba0000-0x000002be00ba0000), size 12189696, SharedBaseAddress: 0x000002be00000000, ArchiveRelocationMode: 1.
Compressed class space mapped at: 0x000002be01000000-0x000002be41000000, reserved size: 1073741824
Narrow klass base: 0x000002be00000000, Narrow klass shift: 0, Narrow klass range: 0x100000000

GC Precious Log:
 CardTable entry size: 512
 CPUs: 8 total, 8 available
 Memory: 7997M
 Large Page Support: Disabled
 NUMA Support: Disabled
 Compressed Oops: Enabled (32-bit)
 Alignments: Space 512K, Generation 512K, Heap 2M
 Heap Min Capacity: 100M
 Heap Initial Capacity: 100M
 Heap Max Capacity: 1G
 Pre-touch: Disabled
 Parallel Workers: 8

Heap:
 PSYoungGen      total 15872K, used 14262K [0x00000000eab00000, 0x00000000ec200000, 0x0000000100000000)
  eden space 12800K, 100% used [0x00000000eab00000,0x00000000eb780000,0x00000000eb780000)
  from space 3072K, 47% used [0x00000000ebd00000,0x00000000ebe6d808,0x00000000ec000000)
  to   space 2048K, 0% used [0x00000000ec000000,0x00000000ec000000,0x00000000ec200000)
 ParOldGen       total 574976K, used 574974K [0x00000000c0000000, 0x00000000e3180000, 0x00000000eab00000)
  object space 574976K, 99% used [0x00000000c0000000,0x00000000e317f830,0x00000000e3180000)
 Metaspace       used 72210K, committed 73728K, reserved 1179648K
  class space    used 7447K, committed 8128K, reserved 1048576K

Card table byte_map: [0x000002be480c0000,0x000002be482d0000] _byte_map_base: 0x000002be47ac0000

Marking Bits: (ParMarkBitMap*) 0x00007ffeda032250
 Begin Bits: [0x000002be5aa70000, 0x000002be5ba70000)
 End Bits:   [0x000002be5ba70000, 0x000002be5ca70000)

Polling page: 0x000002be466b0000

Metaspace:

Usage:
  Non-class:     63.24 MB used.
      Class:      7.27 MB used.
       Both:     70.52 MB used.

Virtual space:
  Non-class space:      128.00 MB reserved,      64.06 MB ( 50%) committed,  2 nodes.
      Class space:        1.00 GB reserved,       7.94 MB ( <1%) committed,  1 nodes.
             Both:        1.12 GB reserved,      72.00 MB (  6%) committed. 

Chunk freelists:
   Non-Class:  15.16 MB
       Class:  8.11 MB
        Both:  23.27 MB

MaxMetaspaceSize: unlimited
CompressedClassSpaceSize: 1.00 GB
Initial GC threshold: 21.00 MB
Current GC threshold: 97.31 MB
CDS: on
 - commit_granule_bytes: 65536.
 - commit_granule_words: 8192.
 - virtual_space_node_default_size: 8388608.
 - enlarge_chunks_in_place: 1.
 - use_allocation_guard: 0.


Internal statistics:

num_allocs_failed_limit: 9.
num_arena_births: 1206.
num_arena_deaths: 14.
num_vsnodes_births: 3.
num_vsnodes_deaths: 0.
num_space_committed: 1152.
num_space_uncommitted: 0.
num_chunks_returned_to_freelist: 23.
num_chunks_taken_from_freelist: 4548.
num_chunk_merges: 12.
num_chunk_splits: 2722.
num_chunks_enlarged: 1452.
num_inconsistent_stats: 0.

CodeHeap 'non-profiled nmethods': size=120000Kb used=10463Kb max_used=10463Kb free=109536Kb
 bounds [0x000002be53540000, 0x000002be53f80000, 0x000002be5aa70000]
CodeHeap 'profiled nmethods': size=120000Kb used=28713Kb max_used=28713Kb free=91286Kb
 bounds [0x000002be4ba70000, 0x000002be4d680000, 0x000002be52fa0000]
CodeHeap 'non-nmethods': size=5760Kb used=1502Kb max_used=1574Kb free=4257Kb
 bounds [0x000002be52fa0000, 0x000002be53210000, 0x000002be53540000]
 total_blobs=13349 nmethods=12532 adapters=722
 compilation: enabled
              stopped_count=0, restarted_count=0
 full_count=0

Compilation events (20 events):
Event: 110.666 Thread 0x000002be5e743d30 13384       3       org.eclipse.jdt.internal.core.search.JavaSearchParticipant::indexDocument (89 bytes)
Event: 110.669 Thread 0x000002be5e743d30 nmethod 13384 0x000002be4d664510 code [0x000002be4d664800, 0x000002be4d665678]
Event: 110.670 Thread 0x000002be5e743d30 13385   !   3       org.eclipse.jdt.internal.core.search.indexing.BinaryContainer::isValidPackageNameForClassOrisModule (158 bytes)
Event: 110.672 Thread 0x000002be5e743d30 nmethod 13385 0x000002be4d665c90 code [0x000002be4d665f40, 0x000002be4d666990]
Event: 110.690 Thread 0x000002be5e743d30 13387       2       org.eclipse.jdt.internal.core.search.indexing.AbstractIndexer::addConstructorDeclaration (97 bytes)
Event: 110.692 Thread 0x000002be5e743d30 nmethod 13387 0x000002be4d666e10 code [0x000002be4d667020, 0x000002be4d667498]
Event: 110.730 Thread 0x000002be7136df20 nmethod 13372 0x000002be53f60110 code [0x000002be53f60400, 0x000002be53f61640]
Event: 110.731 Thread 0x000002be7136df20 13386   !   4       org.eclipse.jdt.internal.core.search.indexing.BinaryIndexer::indexDocument (1204 bytes)
Event: 110.754 Thread 0x000002be5e743d30 13388   !   3       org.eclipse.jdt.internal.compiler.util.Util::getZipEntryByteContent (84 bytes)
Event: 110.755 Thread 0x000002be5e743d30 nmethod 13388 0x000002be4d667890 code [0x000002be4d667ae0, 0x000002be4d668290]
Event: 110.764 Thread 0x000002be5e743d30 13389   !   3       org.eclipse.jdt.internal.core.index.DiskIndex::mergeWith (616 bytes)
Event: 110.776 Thread 0x000002be5e743d30 nmethod 13389 0x000002be4d668710 code [0x000002be4d668f40, 0x000002be4d66ce28]
Event: 110.868 Thread 0x000002be5e743d30 13390       3       org.eclipse.jdt.internal.core.search.indexing.IndexManager::writeSavedIndexNamesFile (144 bytes)
Event: 110.872 Thread 0x000002be5e743d30 nmethod 13390 0x000002be4d66f390 code [0x000002be4d66f620, 0x000002be4d6704a0]
Event: 110.951 Thread 0x000002be5e743d30 13391       3       org.eclipse.jdt.internal.core.search.JavaSearchDocument::<init> (21 bytes)
Event: 110.956 Thread 0x000002be5e743d30 nmethod 13391 0x000002be4d670a10 code [0x000002be4d670e20, 0x000002be4d673000]
Event: 110.982 Thread 0x000002be5cc399c0 nmethod 13383 0x000002be53f62510 code [0x000002be53f62de0, 0x000002be53f67c50]
Event: 110.983 Thread 0x000002be5cc399c0 13371       4       org.eclipse.jdt.core.search.SearchDocument::<init> (20 bytes)
Event: 110.984 Thread 0x000002be5cc399c0 nmethod 13371 0x000002be53f69f10 code [0x000002be53f6a0a0, 0x000002be53f6a150]
Event: 111.003 Thread 0x000002be5cc399c0 13392 % !   4       org.eclipse.jdt.internal.compiler.classfmt.ClassFileReader::<init> @ 802 (2135 bytes)

GC Heap History (20 events):
Event: 106.139 GC heap before
{Heap before GC invocations=957 (full 3):
 PSYoungGen      total 22528K, used 22064K [0x00000000eab00000, 0x00000000ec400000, 0x0000000100000000)
  eden space 20480K, 100% used [0x00000000eab00000,0x00000000ebf00000,0x00000000ebf00000)
  from space 2048K, 77% used [0x00000000ebf00000,0x00000000ec08c000,0x00000000ec100000)
  to   space 2560K, 0% used [0x00000000ec180000,0x00000000ec180000,0x00000000ec400000)
 ParOldGen       total 529408K, used 529021K [0x00000000c0000000, 0x00000000e0500000, 0x00000000eab00000)
  object space 529408K, 99% used [0x00000000c0000000,0x00000000e049f670,0x00000000e0500000)
 Metaspace       used 68971K, committed 70400K, reserved 1114112K
  class space    used 7161K, committed 7808K, reserved 1048576K
}
Event: 106.147 GC heap after
{Heap after GC invocations=957 (full 3):
 PSYoungGen      total 20992K, used 2555K [0x00000000eab00000, 0x00000000ec800000, 0x0000000100000000)
  eden space 18432K, 0% used [0x00000000eab00000,0x00000000eab00000,0x00000000ebd00000)
  from space 2560K, 99% used [0x00000000ec180000,0x00000000ec3feda0,0x00000000ec400000)
  to   space 4608K, 0% used [0x00000000ebd00000,0x00000000ebd00000,0x00000000ec180000)
 ParOldGen       total 530432K, used 530419K [0x00000000c0000000, 0x00000000e0600000, 0x00000000eab00000)
  object space 530432K, 99% used [0x00000000c0000000,0x00000000e05fce78,0x00000000e0600000)
 Metaspace       used 68971K, committed 70400K, reserved 1114112K
  class space    used 7161K, committed 7808K, reserved 1048576K
}
Event: 106.422 GC heap before
{Heap before GC invocations=958 (full 3):
 PSYoungGen      total 20992K, used 20987K [0x00000000eab00000, 0x00000000ec800000, 0x0000000100000000)
  eden space 18432K, 100% used [0x00000000eab00000,0x00000000ebd00000,0x00000000ebd00000)
  from space 2560K, 99% used [0x00000000ec180000,0x00000000ec3feda0,0x00000000ec400000)
  to   space 4608K, 0% used [0x00000000ebd00000,0x00000000ebd00000,0x00000000ec180000)
 ParOldGen       total 530432K, used 530419K [0x00000000c0000000, 0x00000000e0600000, 0x00000000eab00000)
  object space 530432K, 99% used [0x00000000c0000000,0x00000000e05fce78,0x00000000e0600000)
 Metaspace       used 69198K, committed 70720K, reserved 1114112K
  class space    used 7188K, committed 7872K, reserved 1048576K
}
Event: 106.435 GC heap after
{Heap after GC invocations=958 (full 3):
 PSYoungGen      total 23040K, used 4579K [0x00000000eab00000, 0x00000000ecd00000, 0x0000000100000000)
  eden space 18432K, 0% used [0x00000000eab00000,0x00000000eab00000,0x00000000ebd00000)
  from space 4608K, 99% used [0x00000000ebd00000,0x00000000ec178c08,0x00000000ec180000)
  to   space 8192K, 0% used [0x00000000ec500000,0x00000000ec500000,0x00000000ecd00000)
 ParOldGen       total 533504K, used 533011K [0x00000000c0000000, 0x00000000e0900000, 0x00000000eab00000)
  object space 533504K, 99% used [0x00000000c0000000,0x00000000e0884c10,0x00000000e0900000)
 Metaspace       used 69198K, committed 70720K, reserved 1114112K
  class space    used 7188K, committed 7872K, reserved 1048576K
}
Event: 106.952 GC heap before
{Heap before GC invocations=959 (full 3):
 PSYoungGen      total 23040K, used 22997K [0x00000000eab00000, 0x00000000ecd00000, 0x0000000100000000)
  eden space 18432K, 99% used [0x00000000eab00000,0x00000000ebcfc838,0x00000000ebd00000)
  from space 4608K, 99% used [0x00000000ebd00000,0x00000000ec178c08,0x00000000ec180000)
  to   space 8192K, 0% used [0x00000000ec500000,0x00000000ec500000,0x00000000ecd00000)
 ParOldGen       total 533504K, used 533011K [0x00000000c0000000, 0x00000000e0900000, 0x00000000eab00000)
  object space 533504K, 99% used [0x00000000c0000000,0x00000000e0884c10,0x00000000e0900000)
 Metaspace       used 69848K, committed 71360K, reserved 1114112K
  class space    used 7245K, committed 7936K, reserved 1048576K
}
Event: 106.969 GC heap after
{Heap after GC invocations=959 (full 3):
 PSYoungGen      total 20992K, used 8166K [0x00000000eab00000, 0x00000000ed800000, 0x0000000100000000)
  eden space 12800K, 0% used [0x00000000eab00000,0x00000000eab00000,0x00000000eb780000)
  from space 8192K, 99% used [0x00000000ec500000,0x00000000eccf9928,0x00000000ecd00000)
  to   space 13824K, 0% used [0x00000000eb780000,0x00000000eb780000,0x00000000ec500000)
 ParOldGen       total 537600K, used 537512K [0x00000000c0000000, 0x00000000e0d00000, 0x00000000eab00000)
  object space 537600K, 99% used [0x00000000c0000000,0x00000000e0cea2b8,0x00000000e0d00000)
 Metaspace       used 69848K, committed 71360K, reserved 1114112K
  class space    used 7245K, committed 7936K, reserved 1048576K
}
Event: 107.182 GC heap before
{Heap before GC invocations=960 (full 3):
 PSYoungGen      total 20992K, used 20966K [0x00000000eab00000, 0x00000000ed800000, 0x0000000100000000)
  eden space 12800K, 100% used [0x00000000eab00000,0x00000000eb780000,0x00000000eb780000)
  from space 8192K, 99% used [0x00000000ec500000,0x00000000eccf9928,0x00000000ecd00000)
  to   space 13824K, 0% used [0x00000000eb780000,0x00000000eb780000,0x00000000ec500000)
 ParOldGen       total 537600K, used 537512K [0x00000000c0000000, 0x00000000e0d00000, 0x00000000eab00000)
  object space 537600K, 99% used [0x00000000c0000000,0x00000000e0cea2b8,0x00000000e0d00000)
 Metaspace       used 70489K, committed 72064K, reserved 1114112K
  class space    used 7307K, committed 8000K, reserved 1048576K
}
Event: 107.203 GC heap after
{Heap after GC invocations=960 (full 3):
 PSYoungGen      total 19456K, used 6607K [0x00000000eab00000, 0x00000000ec980000, 0x0000000100000000)
  eden space 12800K, 0% used [0x00000000eab00000,0x00000000eab00000,0x00000000eb780000)
  from space 6656K, 99% used [0x00000000eb780000,0x00000000ebdf3df8,0x00000000ebe00000)
  to   space 9216K, 0% used [0x00000000ec080000,0x00000000ec080000,0x00000000ec980000)
 ParOldGen       total 545792K, used 545594K [0x00000000c0000000, 0x00000000e1500000, 0x00000000eab00000)
  object space 545792K, 99% used [0x00000000c0000000,0x00000000e14ce830,0x00000000e1500000)
 Metaspace       used 70489K, committed 72064K, reserved 1114112K
  class space    used 7307K, committed 8000K, reserved 1048576K
}
Event: 107.541 GC heap before
{Heap before GC invocations=961 (full 3):
 PSYoungGen      total 19456K, used 19246K [0x00000000eab00000, 0x00000000ec980000, 0x0000000100000000)
  eden space 12800K, 98% used [0x00000000eab00000,0x00000000eb757ac0,0x00000000eb780000)
  from space 6656K, 99% used [0x00000000eb780000,0x00000000ebdf3df8,0x00000000ebe00000)
  to   space 9216K, 0% used [0x00000000ec080000,0x00000000ec080000,0x00000000ec980000)
 ParOldGen       total 545792K, used 545594K [0x00000000c0000000, 0x00000000e1500000, 0x00000000eab00000)
  object space 545792K, 99% used [0x00000000c0000000,0x00000000e14ce830,0x00000000e1500000)
 Metaspace       used 70931K, committed 72448K, reserved 1114112K
  class space    used 7333K, committed 8000K, reserved 1048576K
}
Event: 107.569 GC heap after
{Heap after GC invocations=961 (full 3):
 PSYoungGen      total 18944K, used 5743K [0x00000000eab00000, 0x00000000ec680000, 0x0000000100000000)
  eden space 12800K, 0% used [0x00000000eab00000,0x00000000eab00000,0x00000000eb780000)
  from space 6144K, 93% used [0x00000000ec080000,0x00000000ec61bcc0,0x00000000ec680000)
  to   space 6656K, 0% used [0x00000000eb980000,0x00000000eb980000,0x00000000ec000000)
 ParOldGen       total 551936K, used 551835K [0x00000000c0000000, 0x00000000e1b00000, 0x00000000eab00000)
  object space 551936K, 99% used [0x00000000c0000000,0x00000000e1ae6dd8,0x00000000e1b00000)
 Metaspace       used 70931K, committed 72448K, reserved 1114112K
  class space    used 7333K, committed 8000K, reserved 1048576K
}
Event: 107.950 GC heap before
{Heap before GC invocations=962 (full 3):
 PSYoungGen      total 18944K, used 18491K [0x00000000eab00000, 0x00000000ec680000, 0x0000000100000000)
  eden space 12800K, 99% used [0x00000000eab00000,0x00000000eb7730c0,0x00000000eb780000)
  from space 6144K, 93% used [0x00000000ec080000,0x00000000ec61bcc0,0x00000000ec680000)
  to   space 6656K, 0% used [0x00000000eb980000,0x00000000eb980000,0x00000000ec000000)
 ParOldGen       total 551936K, used 551835K [0x00000000c0000000, 0x00000000e1b00000, 0x00000000eab00000)
  object space 551936K, 99% used [0x00000000c0000000,0x00000000e1ae6dd8,0x00000000e1b00000)
 Metaspace       used 71298K, committed 72768K, reserved 1179648K
  class space    used 7362K, committed 8000K, reserved 1048576K
}
Event: 107.978 GC heap after
{Heap after GC invocations=962 (full 3):
 PSYoungGen      total 19456K, used 6633K [0x00000000eab00000, 0x00000000ed580000, 0x0000000100000000)
  eden space 12800K, 0% used [0x00000000eab00000,0x00000000eab00000,0x00000000eb780000)
  from space 6656K, 99% used [0x00000000eb980000,0x00000000ebffa4d0,0x00000000ec000000)
  to   space 15360K, 0% used [0x00000000ec680000,0x00000000ec680000,0x00000000ed580000)
 ParOldGen       total 559616K, used 559136K [0x00000000c0000000, 0x00000000e2280000, 0x00000000eab00000)
  object space 559616K, 99% used [0x00000000c0000000,0x00000000e2208180,0x00000000e2280000)
 Metaspace       used 71298K, committed 72768K, reserved 1179648K
  class space    used 7362K, committed 8000K, reserved 1048576K
}
Event: 108.343 GC heap before
{Heap before GC invocations=963 (full 3):
 PSYoungGen      total 19456K, used 19378K [0x00000000eab00000, 0x00000000ed580000, 0x0000000100000000)
  eden space 12800K, 99% used [0x00000000eab00000,0x00000000eb772700,0x00000000eb780000)
  from space 6656K, 99% used [0x00000000eb980000,0x00000000ebffa4d0,0x00000000ec000000)
  to   space 15360K, 0% used [0x00000000ec680000,0x00000000ec680000,0x00000000ed580000)
 ParOldGen       total 559616K, used 559136K [0x00000000c0000000, 0x00000000e2280000, 0x00000000eab00000)
  object space 559616K, 99% used [0x00000000c0000000,0x00000000e2208180,0x00000000e2280000)
 Metaspace       used 72084K, committed 73600K, reserved 1179648K
  class space    used 7432K, committed 8128K, reserved 1048576K
}
Event: 108.362 GC heap after
{Heap after GC invocations=963 (full 3):
 PSYoungGen      total 16896K, used 3671K [0x00000000eab00000, 0x00000000eca80000, 0x0000000100000000)
  eden space 12800K, 0% used [0x00000000eab00000,0x00000000eab00000,0x00000000eb780000)
  from space 4096K, 89% used [0x00000000ec680000,0x00000000eca15cc0,0x00000000eca80000)
  to   space 7680K, 0% used [0x00000000ebb80000,0x00000000ebb80000,0x00000000ec300000)
 ParOldGen       total 566272K, used 565505K [0x00000000c0000000, 0x00000000e2900000, 0x00000000eab00000)
  object space 566272K, 99% used [0x00000000c0000000,0x00000000e28407f0,0x00000000e2900000)
 Metaspace       used 72084K, committed 73600K, reserved 1179648K
  class space    used 7432K, committed 8128K, reserved 1048576K
}
Event: 110.632 GC heap before
{Heap before GC invocations=964 (full 3):
 PSYoungGen      total 16896K, used 16471K [0x00000000eab00000, 0x00000000eca80000, 0x0000000100000000)
  eden space 12800K, 100% used [0x00000000eab00000,0x00000000eb780000,0x00000000eb780000)
  from space 4096K, 89% used [0x00000000ec680000,0x00000000eca15cc0,0x00000000eca80000)
  to   space 7680K, 0% used [0x00000000ebb80000,0x00000000ebb80000,0x00000000ec300000)
 ParOldGen       total 566272K, used 565505K [0x00000000c0000000, 0x00000000e2900000, 0x00000000eab00000)
  object space 566272K, 99% used [0x00000000c0000000,0x00000000e28407f0,0x00000000e2900000)
 Metaspace       used 72198K, committed 73728K, reserved 1179648K
  class space    used 7446K, committed 8128K, reserved 1048576K
}
Event: 110.650 GC heap after
{Heap after GC invocations=964 (full 3):
 PSYoungGen      total 18944K, used 5915K [0x00000000eab00000, 0x00000000ec700000, 0x0000000100000000)
  eden space 12800K, 0% used [0x00000000eab00000,0x00000000eab00000,0x00000000eb780000)
  from space 6144K, 96% used [0x00000000ebb80000,0x00000000ec146c08,0x00000000ec180000)
  to   space 5632K, 0% used [0x00000000ec180000,0x00000000ec180000,0x00000000ec700000)
 ParOldGen       total 568832K, used 568717K [0x00000000c0000000, 0x00000000e2b80000, 0x00000000eab00000)
  object space 568832K, 99% used [0x00000000c0000000,0x00000000e2b63428,0x00000000e2b80000)
 Metaspace       used 72198K, committed 73728K, reserved 1179648K
  class space    used 7446K, committed 8128K, reserved 1048576K
}
Event: 111.052 GC heap before
{Heap before GC invocations=965 (full 3):
 PSYoungGen      total 18944K, used 18715K [0x00000000eab00000, 0x00000000ec700000, 0x0000000100000000)
  eden space 12800K, 100% used [0x00000000eab00000,0x00000000eb780000,0x00000000eb780000)
  from space 6144K, 96% used [0x00000000ebb80000,0x00000000ec146c08,0x00000000ec180000)
  to   space 5632K, 0% used [0x00000000ec180000,0x00000000ec180000,0x00000000ec700000)
 ParOldGen       total 568832K, used 568717K [0x00000000c0000000, 0x00000000e2b80000, 0x00000000eab00000)
  object space 568832K, 99% used [0x00000000c0000000,0x00000000e2b63428,0x00000000e2b80000)
 Metaspace       used 72201K, committed 73728K, reserved 1179648K
  class space    used 7446K, committed 8128K, reserved 1048576K
}
Event: 111.072 GC heap after
{Heap after GC invocations=965 (full 3):
 PSYoungGen      total 14336K, used 1042K [0x00000000eab00000, 0x00000000ec300000, 0x0000000100000000)
  eden space 12800K, 0% used [0x00000000eab00000,0x00000000eab00000,0x00000000eb780000)
  from space 1536K, 67% used [0x00000000ec180000,0x00000000ec284ad8,0x00000000ec300000)
  to   space 3072K, 0% used [0x00000000ebd00000,0x00000000ebd00000,0x00000000ec000000)
 ParOldGen       total 574464K, used 574093K [0x00000000c0000000, 0x00000000e3100000, 0x00000000eab00000)
  object space 574464K, 99% used [0x00000000c0000000,0x00000000e30a3428,0x00000000e3100000)
 Metaspace       used 72201K, committed 73728K, reserved 1179648K
  class space    used 7446K, committed 8128K, reserved 1048576K
}
Event: 111.368 GC heap before
{Heap before GC invocations=966 (full 3):
 PSYoungGen      total 14336K, used 13842K [0x00000000eab00000, 0x00000000ec300000, 0x0000000100000000)
  eden space 12800K, 100% used [0x00000000eab00000,0x00000000eb780000,0x00000000eb780000)
  from space 1536K, 67% used [0x00000000ec180000,0x00000000ec284ad8,0x00000000ec300000)
  to   space 3072K, 0% used [0x00000000ebd00000,0x00000000ebd00000,0x00000000ec000000)
 ParOldGen       total 574464K, used 574093K [0x00000000c0000000, 0x00000000e3100000, 0x00000000eab00000)
  object space 574464K, 99% used [0x00000000c0000000,0x00000000e30a3428,0x00000000e3100000)
 Metaspace       used 72201K, committed 73728K, reserved 1179648K
  class space    used 7446K, committed 8128K, reserved 1048576K
}
Event: 111.372 GC heap after
{Heap after GC invocations=966 (full 3):
 PSYoungGen      total 15872K, used 1462K [0x00000000eab00000, 0x00000000ec200000, 0x0000000100000000)
  eden space 12800K, 0% used [0x00000000eab00000,0x00000000eab00000,0x00000000eb780000)
  from space 3072K, 47% used [0x00000000ebd00000,0x00000000ebe6d808,0x00000000ec000000)
  to   space 2048K, 0% used [0x00000000ec000000,0x00000000ec000000,0x00000000ec200000)
 ParOldGen       total 574976K, used 574974K [0x00000000c0000000, 0x00000000e3180000, 0x00000000eab00000)
  object space 574976K, 99% used [0x00000000c0000000,0x00000000e317f830,0x00000000e3180000)
 Metaspace       used 72201K, committed 73728K, reserved 1179648K
  class space    used 7446K, committed 8128K, reserved 1048576K
}

Dll operation events (12 events):
Event: 0.046 Loaded shared library c:\Users\bappa\.vscode\extensions\redhat.java-1.39.0-win32-x64\jre\21.0.5-win32-x86_64\bin\java.dll
Event: 0.720 Loaded shared library c:\Users\bappa\.vscode\extensions\redhat.java-1.39.0-win32-x64\jre\21.0.5-win32-x86_64\bin\zip.dll
Event: 0.855 Loaded shared library C:\Users\bappa\.vscode\extensions\redhat.java-1.39.0-win32-x64\jre\21.0.5-win32-x86_64\bin\instrument.dll
Event: 0.868 Loaded shared library C:\Users\bappa\.vscode\extensions\redhat.java-1.39.0-win32-x64\jre\21.0.5-win32-x86_64\bin\net.dll
Event: 0.883 Loaded shared library C:\Users\bappa\.vscode\extensions\redhat.java-1.39.0-win32-x64\jre\21.0.5-win32-x86_64\bin\nio.dll
Event: 0.901 Loaded shared library C:\Users\bappa\.vscode\extensions\redhat.java-1.39.0-win32-x64\jre\21.0.5-win32-x86_64\bin\zip.dll
Event: 0.992 Loaded shared library C:\Users\bappa\.vscode\extensions\redhat.java-1.39.0-win32-x64\jre\21.0.5-win32-x86_64\bin\jimage.dll
Event: 1.482 Loaded shared library c:\Users\bappa\.vscode\extensions\redhat.java-1.39.0-win32-x64\jre\21.0.5-win32-x86_64\bin\verify.dll
Event: 8.113 Loaded shared library C:\Users\bappa\AppData\Roaming\Code\User\globalStorage\redhat.java\1.39.0\config_win\org.eclipse.equinox.launcher\org.eclipse.equinox.launcher.win32.win32.x86_64_1.2.1100.v20240722-2106\eclipse_11904.dll
Event: 28.655 Loaded shared library C:\Users\bappa\AppData\Local\Temp\jna-93505986\jna561707850683557837.dll
Event: 45.068 Loaded shared library C:\Users\bappa\.vscode\extensions\redhat.java-1.39.0-win32-x64\jre\21.0.5-win32-x86_64\bin\sunmscapi.dll
Event: 45.773 Loaded shared library C:\Users\bappa\.vscode\extensions\redhat.java-1.39.0-win32-x64\jre\21.0.5-win32-x86_64\bin\extnet.dll

Deoptimization events (20 events):
Event: 110.503 Thread 0x000002be5e91bcd0 DEOPT PACKING pc=0x000002be4d49e4aa sp=0x000000ca5c2fef50
Event: 110.503 Thread 0x000002be5e91bcd0 DEOPT UNPACKING pc=0x000002be52ff78e2 sp=0x000000ca5c2fe4d8 mode 0
Event: 110.655 Thread 0x000002be5e91bcd0 DEOPT PACKING pc=0x000002be4d49e4aa sp=0x000000ca5c2fef50
Event: 110.655 Thread 0x000002be5e91bcd0 DEOPT UNPACKING pc=0x000002be52ff78e2 sp=0x000000ca5c2fe4d8 mode 0
Event: 110.724 Thread 0x000002be5e91bcd0 DEOPT PACKING pc=0x000002be4d49e4aa sp=0x000000ca5c2feef0
Event: 110.725 Thread 0x000002be5e91bcd0 DEOPT UNPACKING pc=0x000002be52ff78e2 sp=0x000000ca5c2fe478 mode 0
Event: 110.763 Thread 0x000002be5e91bcd0 DEOPT PACKING pc=0x000002be4d2fcd4f sp=0x000000ca5c2ff0f0
Event: 110.763 Thread 0x000002be5e91bcd0 DEOPT UNPACKING pc=0x000002be52ff78e2 sp=0x000000ca5c2fe5e8 mode 0
Event: 110.763 Thread 0x000002be5e91bcd0 Uncommon trap: trap_request=0xffffff45 fr.pc=0x000002be53e0fea0 relative=0x0000000000002320
Event: 110.763 Thread 0x000002be5e91bcd0 Uncommon trap: reason=unstable_if action=reinterpret pc=0x000002be53e0fea0 method=org.eclipse.jdt.internal.core.index.DiskIndex.writeAllDocumentNames([Ljava/lang/String;Ljava/io/FileOutputStream;)V @ 498 c2
Event: 110.763 Thread 0x000002be5e91bcd0 DEOPT PACKING pc=0x000002be53e0fea0 sp=0x000000ca5c2ff150
Event: 110.763 Thread 0x000002be5e91bcd0 DEOPT UNPACKING pc=0x000002be52ff6da2 sp=0x000000ca5c2ff0f8 mode 2
Event: 111.089 Thread 0x000002be5e91bcd0 DEOPT PACKING pc=0x000002be4d49e4aa sp=0x000000ca5c2fef90
Event: 111.089 Thread 0x000002be5e91bcd0 DEOPT UNPACKING pc=0x000002be52ff78e2 sp=0x000000ca5c2fe518 mode 0
Event: 111.160 Thread 0x000002be5e91bcd0 DEOPT PACKING pc=0x000002be4d49e4aa sp=0x000000ca5c2fef90
Event: 111.160 Thread 0x000002be5e91bcd0 DEOPT UNPACKING pc=0x000002be52ff78e2 sp=0x000000ca5c2fe518 mode 0
Event: 111.229 Thread 0x000002be5e91bcd0 DEOPT PACKING pc=0x000002be4d49e4aa sp=0x000000ca5c2fef90
Event: 111.229 Thread 0x000002be5e91bcd0 DEOPT UNPACKING pc=0x000002be52ff78e2 sp=0x000000ca5c2fe518 mode 0
Event: 111.300 Thread 0x000002be5e91bcd0 DEOPT PACKING pc=0x000002be4d49e4aa sp=0x000000ca5c2fef90
Event: 111.300 Thread 0x000002be5e91bcd0 DEOPT UNPACKING pc=0x000002be52ff78e2 sp=0x000000ca5c2fe518 mode 0

Classes loaded (20 events):
Event: 98.227 Loading class java/lang/UnsupportedClassVersionError
Event: 98.227 Loading class java/lang/UnsupportedClassVersionError done
Event: 98.347 Loading class jdk/internal/event/SecurityPropertyModificationEvent
Event: 98.347 Loading class jdk/internal/event/SecurityPropertyModificationEvent done
Event: 99.911 Loading class java/util/zip/CheckedInputStream
Event: 99.912 Loading class java/util/zip/CheckedInputStream done
Event: 101.175 Loading class java/lang/Throwable$WrappedPrintWriter
Event: 101.175 Loading class java/lang/Throwable$PrintStreamOrWriter
Event: 101.175 Loading class java/lang/Throwable$PrintStreamOrWriter done
Event: 101.176 Loading class java/lang/Throwable$WrappedPrintWriter done
Event: 101.337 Loading class java/util/zip/GZIPInputStream$1
Event: 101.337 Loading class java/util/zip/GZIPInputStream$1 done
Event: 107.117 Loading class java/util/stream/ReduceOps$2
Event: 107.117 Loading class java/util/stream/ReduceOps$2 done
Event: 107.117 Loading class java/util/stream/ReduceOps$2ReducingSink
Event: 107.117 Loading class java/util/stream/ReduceOps$2ReducingSink done
Event: 107.805 Loading class jdk/internal/ref/CleanerImpl$InnocuousThreadFactory
Event: 107.805 Loading class jdk/internal/ref/CleanerImpl$InnocuousThreadFactory done
Event: 110.286 Loading class sun/nio/fs/WindowsFileCopy
Event: 110.287 Loading class sun/nio/fs/WindowsFileCopy done

Classes unloaded (7 events):
Event: 37.802 Thread 0x000002be5cc11a30 Unloading class 0x000002be0119f400 'java/lang/invoke/LambdaForm$MH+0x000002be0119f400'
Event: 37.802 Thread 0x000002be5cc11a30 Unloading class 0x000002be0119f000 'java/lang/invoke/LambdaForm$MH+0x000002be0119f000'
Event: 37.802 Thread 0x000002be5cc11a30 Unloading class 0x000002be0119ec00 'java/lang/invoke/LambdaForm$MH+0x000002be0119ec00'
Event: 37.802 Thread 0x000002be5cc11a30 Unloading class 0x000002be0119e800 'java/lang/invoke/LambdaForm$MH+0x000002be0119e800'
Event: 37.802 Thread 0x000002be5cc11a30 Unloading class 0x000002be0119e400 'java/lang/invoke/LambdaForm$BMH+0x000002be0119e400'
Event: 37.802 Thread 0x000002be5cc11a30 Unloading class 0x000002be0119e000 'java/lang/invoke/LambdaForm$DMH+0x000002be0119e000'
Event: 37.802 Thread 0x000002be5cc11a30 Unloading class 0x000002be0119cc00 'java/lang/invoke/LambdaForm$DMH+0x000002be0119cc00'

Classes redefined (0 events):
No events

Internal exceptions (20 events):
Event: 105.536 Thread 0x000002be5e91a920 Exception <a 'sun/nio/fs/WindowsException'{0x00000000eaff4ad8}> (0x00000000eaff4ad8) 
thrown [s\src\hotspot\share\prims\jni.cpp, line 520]
Event: 105.538 Thread 0x000002be5e91a920 Exception <a 'sun/nio/fs/WindowsException'{0x00000000eb541280}> (0x00000000eb541280) 
thrown [s\src\hotspot\share\prims\jni.cpp, line 520]
Event: 105.538 Thread 0x000002be5e91a920 Exception <a 'sun/nio/fs/WindowsException'{0x00000000eb5418b0}> (0x00000000eb5418b0) 
thrown [s\src\hotspot\share\prims\jni.cpp, line 520]
Event: 105.547 Thread 0x000002be5e91a920 Exception <a 'sun/nio/fs/WindowsException'{0x00000000eb738e40}> (0x00000000eb738e40) 
thrown [s\src\hotspot\share\prims\jni.cpp, line 520]
Event: 105.548 Thread 0x000002be5e91a920 Exception <a 'sun/nio/fs/WindowsException'{0x00000000eb739720}> (0x00000000eb739720) 
thrown [s\src\hotspot\share\prims\jni.cpp, line 520]
Event: 105.606 Thread 0x000002be63970c00 Exception <a 'java/lang/IncompatibleClassChangeError'{0x00000000eafe7098}: Found class java.lang.Object, but interface was expected> (0x00000000eafe7098) 
thrown [s\src\hotspot\share\interpreter\linkResolver.cpp, line 840]
Event: 106.054 Thread 0x000002be5e91a920 Exception <a 'sun/nio/fs/WindowsException'{0x00000000ebd2a198}> (0x00000000ebd2a198) 
thrown [s\src\hotspot\share\prims\jni.cpp, line 520]
Event: 106.054 Thread 0x000002be5e91a920 Exception <a 'sun/nio/fs/WindowsException'{0x00000000ebd2a7c8}> (0x00000000ebd2a7c8) 
thrown [s\src\hotspot\share\prims\jni.cpp, line 520]
Event: 106.055 Thread 0x000002be5e91a920 Exception <a 'sun/nio/fs/WindowsException'{0x00000000ebe105d8}> (0x00000000ebe105d8) 
thrown [s\src\hotspot\share\prims\jni.cpp, line 520]
Event: 106.056 Thread 0x000002be5e91a920 Exception <a 'sun/nio/fs/WindowsException'{0x00000000ebe10c08}> (0x00000000ebe10c08) 
thrown [s\src\hotspot\share\prims\jni.cpp, line 520]
Event: 106.057 Thread 0x000002be5e91a920 Exception <a 'sun/nio/fs/WindowsException'{0x00000000ebe12588}> (0x00000000ebe12588) 
thrown [s\src\hotspot\share\prims\jni.cpp, line 520]
Event: 106.057 Thread 0x000002be5e91a920 Exception <a 'sun/nio/fs/WindowsException'{0x00000000ebe9ff70}> (0x00000000ebe9ff70) 
thrown [s\src\hotspot\share\prims\jni.cpp, line 520]
Event: 106.074 Thread 0x000002be5e91a920 Exception <a 'sun/nio/fs/WindowsException'{0x00000000eac5b668}> (0x00000000eac5b668) 
thrown [s\src\hotspot\share\prims\jni.cpp, line 520]
Event: 106.074 Thread 0x000002be5e91a920 Exception <a 'sun/nio/fs/WindowsException'{0x00000000eac5bf48}> (0x00000000eac5bf48) 
thrown [s\src\hotspot\share\prims\jni.cpp, line 520]
Event: 107.087 Thread 0x000002be63970c00 Implicit null exception at 0x000002be53e0c35a to 0x000002be53e0c3b3
Event: 110.288 Thread 0x000002be5e91bcd0 Exception <a 'sun/nio/fs/WindowsException'{0x00000000eb34eff8}> (0x00000000eb34eff8) 
thrown [s\src\hotspot\share\prims\jni.cpp, line 520]
Event: 110.341 Thread 0x000002be5e91bcd0 Exception <a 'sun/nio/fs/WindowsException'{0x00000000eb36c608}> (0x00000000eb36c608) 
thrown [s\src\hotspot\share\prims\jni.cpp, line 520]
Event: 110.373 Thread 0x000002be5e91bcd0 Exception <a 'sun/nio/fs/WindowsException'{0x00000000eb379430}> (0x00000000eb379430) 
thrown [s\src\hotspot\share\prims\jni.cpp, line 520]
Event: 110.437 Thread 0x000002be5e91bcd0 Exception <a 'sun/nio/fs/WindowsException'{0x00000000eb383618}> (0x00000000eb383618) 
thrown [s\src\hotspot\share\prims\jni.cpp, line 520]
Event: 110.860 Thread 0x000002be5e91bcd0 Exception <a 'sun/nio/fs/WindowsException'{0x00000000eb063fc8}> (0x00000000eb063fc8) 
thrown [s\src\hotspot\share\prims\jni.cpp, line 520]

ZGC Phase Switch (0 events):
No events

VM Operations (20 events):
Event: 107.182 Executing VM operation: ParallelGCFailedAllocation (Allocation Failure)
Event: 107.203 Executing VM operation: ParallelGCFailedAllocation (Allocation Failure) done
Event: 107.540 Executing VM operation: ParallelGCFailedAllocation (Allocation Failure)
Event: 107.569 Executing VM operation: ParallelGCFailedAllocation (Allocation Failure) done
Event: 107.949 Executing VM operation: ParallelGCFailedAllocation (Allocation Failure)
Event: 107.978 Executing VM operation: ParallelGCFailedAllocation (Allocation Failure) done
Event: 108.341 Executing VM operation: ParallelGCFailedAllocation (Allocation Failure)
Event: 108.362 Executing VM operation: ParallelGCFailedAllocation (Allocation Failure) done
Event: 109.364 Executing VM operation: Cleanup
Event: 109.364 Executing VM operation: Cleanup done
Event: 110.318 Executing VM operation: HandshakeAllThreads (Deoptimize)
Event: 110.318 Executing VM operation: HandshakeAllThreads (Deoptimize) done
Event: 110.324 Executing VM operation: HandshakeAllThreads (Deoptimize)
Event: 110.325 Executing VM operation: HandshakeAllThreads (Deoptimize) done
Event: 110.632 Executing VM operation: ParallelGCFailedAllocation (Allocation Failure)
Event: 110.650 Executing VM operation: ParallelGCFailedAllocation (Allocation Failure) done
Event: 111.052 Executing VM operation: ParallelGCFailedAllocation (Allocation Failure)
Event: 111.072 Executing VM operation: ParallelGCFailedAllocation (Allocation Failure) done
Event: 111.368 Executing VM operation: ParallelGCFailedAllocation (Allocation Failure)
Event: 111.372 Executing VM operation: ParallelGCFailedAllocation (Allocation Failure) done

Memory protections (0 events):
No events

Nmethod flushes (20 events):
Event: 70.730 Thread 0x000002be5cc11a30 flushing  nmethod 0x000002be4c3fc710
Event: 70.730 Thread 0x000002be5cc11a30 flushing  nmethod 0x000002be4c3fff10
Event: 70.730 Thread 0x000002be5cc11a30 flushing  nmethod 0x000002be4c402610
Event: 70.730 Thread 0x000002be5cc11a30 flushing  nmethod 0x000002be4c42f110
Event: 70.730 Thread 0x000002be5cc11a30 flushing  nmethod 0x000002be4c434410
Event: 70.730 Thread 0x000002be5cc11a30 flushing  nmethod 0x000002be4c437410
Event: 70.730 Thread 0x000002be5cc11a30 flushing  nmethod 0x000002be4c43c810
Event: 70.730 Thread 0x000002be5cc11a30 flushing  nmethod 0x000002be4c43d490
Event: 70.730 Thread 0x000002be5cc11a30 flushing  nmethod 0x000002be4c443a10
Event: 70.730 Thread 0x000002be5cc11a30 flushing  nmethod 0x000002be4c44f890
Event: 70.730 Thread 0x000002be5cc11a30 flushing  nmethod 0x000002be4c458410
Event: 70.730 Thread 0x000002be5cc11a30 flushing  nmethod 0x000002be4c47a890
Event: 70.730 Thread 0x000002be5cc11a30 flushing  nmethod 0x000002be4c47c110
Event: 70.730 Thread 0x000002be5cc11a30 flushing  nmethod 0x000002be4c47c810
Event: 70.730 Thread 0x000002be5cc11a30 flushing  nmethod 0x000002be4c47ce10
Event: 70.730 Thread 0x000002be5cc11a30 flushing  nmethod 0x000002be4c47e610
Event: 70.730 Thread 0x000002be5cc11a30 flushing  nmethod 0x000002be4c481b10
Event: 70.730 Thread 0x000002be5cc11a30 flushing  nmethod 0x000002be4c48c910
Event: 70.730 Thread 0x000002be5cc11a30 flushing  nmethod 0x000002be4c490110
Event: 70.730 Thread 0x000002be5cc11a30 flushing  nmethod 0x000002be4c4bb590

Events (20 events):
Event: 94.787 Thread 0x000002be63972640 Thread added: 0x000002be63973360
Event: 94.789 Thread 0x000002be63973360 Thread added: 0x000002be63970c00
Event: 94.954 Thread 0x000002be5cc399c0 Thread added: 0x000002be7136ecc0
Event: 96.188 Thread 0x000002be5e91a920 Thread added: 0x000002be63974da0
Event: 97.267 Thread 0x000002be7136ecc0 Thread added: 0x000002be7136c3e0
Event: 98.293 Thread 0x000002be63973360 Thread added: 0x000002be63974710
Event: 98.353 Thread 0x000002be63970570 Thread added: 0x000002be639767e0
Event: 98.422 Thread 0x000002be7136c3e0 Thread exited: 0x000002be7136c3e0
Event: 98.734 Thread 0x000002be5e743d30 Thread added: 0x000002be7136c3e0
Event: 101.199 Thread 0x000002be63974da0 Thread exited: 0x000002be63974da0
Event: 104.950 Thread 0x000002be7136c3e0 Thread exited: 0x000002be7136c3e0
Event: 104.978 Thread 0x000002be7136ecc0 Thread exited: 0x000002be7136ecc0
Event: 105.105 Thread 0x000002be639767e0 Thread exited: 0x000002be639767e0
Event: 105.170 Thread 0x000002be5e743d30 Thread added: 0x000002be7136ecc0
Event: 105.242 Thread 0x000002be5e743d30 Thread added: 0x000002be7136df20
Event: 107.806 Thread 0x000002be63973360 Thread added: 0x000002be639767e0
Event: 108.929 Thread 0x000002be7136df20 Thread exited: 0x000002be7136df20
Event: 108.941 Thread 0x000002be7136ecc0 Thread exited: 0x000002be7136ecc0
Event: 110.460 Thread 0x000002be5e743d30 Thread added: 0x000002be7136ecc0
Event: 110.460 Thread 0x000002be5e743d30 Thread added: 0x000002be7136df20


Dynamic libraries:
0x00007ff6b2600000 - 0x00007ff6b260e000 	c:\Users\bappa\.vscode\extensions\redhat.java-1.39.0-win32-x64\jre\21.0.5-win32-x86_64\bin\java.exe
0x00007fff4e3e0000 - 0x00007fff4e643000 	C:\WINDOWS\SYSTEM32\ntdll.dll
0x00007fff4c540000 - 0x00007fff4c608000 	C:\WINDOWS\System32\KERNEL32.DLL
0x00007fff4bc60000 - 0x00007fff4c012000 	C:\WINDOWS\System32\KERNELBASE.dll
0x00007fff4c050000 - 0x00007fff4c19b000 	C:\WINDOWS\System32\ucrtbase.dll
0x00007fff27150000 - 0x00007fff27168000 	c:\Users\bappa\.vscode\extensions\redhat.java-1.39.0-win32-x64\jre\21.0.5-win32-x86_64\bin\jli.dll
0x00007fff4dbd0000 - 0x00007fff4dd98000 	C:\WINDOWS\System32\USER32.dll
0x00007fff4c020000 - 0x00007fff4c047000 	C:\WINDOWS\System32\win32u.dll
0x00007fff4d400000 - 0x00007fff4d42a000 	C:\WINDOWS\System32\GDI32.dll
0x00007fff4b7b0000 - 0x00007fff4b8db000 	C:\WINDOWS\System32\gdi32full.dll
0x00007fff4bbb0000 - 0x00007fff4bc53000 	C:\WINDOWS\System32\msvcp_win.dll
0x00007fff22930000 - 0x00007fff2294e000 	c:\Users\bappa\.vscode\extensions\redhat.java-1.39.0-win32-x64\jre\21.0.5-win32-x86_64\bin\VCRUNTIME140.dll
0x00007fff37980000 - 0x00007fff37c10000 	C:\WINDOWS\WinSxS\amd64_microsoft.windows.common-controls_6595b64144ccf1df_6.0.26100.2454_none_3e0b68a2e331ad60\COMCTL32.dll
0x00007fff4c240000 - 0x00007fff4c2e9000 	C:\WINDOWS\System32\msvcrt.dll
0x00007fff4c500000 - 0x00007fff4c52f000 	C:\WINDOWS\System32\IMM32.DLL
0x00007fff45cb0000 - 0x00007fff45cbc000 	c:\Users\bappa\.vscode\extensions\redhat.java-1.39.0-win32-x64\jre\21.0.5-win32-x86_64\bin\vcruntime140_1.dll
0x00007fff1e410000 - 0x00007fff1e49d000 	c:\Users\bappa\.vscode\extensions\redhat.java-1.39.0-win32-x64\jre\21.0.5-win32-x86_64\bin\msvcp140.dll
0x00007ffed9380000 - 0x00007ffeda10f000 	c:\Users\bappa\.vscode\extensions\redhat.java-1.39.0-win32-x64\jre\21.0.5-win32-x86_64\bin\server\jvm.dll
0x00007fff4cd20000 - 0x00007fff4cdd4000 	C:\WINDOWS\System32\ADVAPI32.dll
0x00007fff4cad0000 - 0x00007fff4cb76000 	C:\WINDOWS\System32\sechost.dll
0x00007fff4e1c0000 - 0x00007fff4e2d6000 	C:\WINDOWS\System32\RPCRT4.dll
0x00007fff4c480000 - 0x00007fff4c4f4000 	C:\WINDOWS\System32\WS2_32.dll
0x00007fff4b640000 - 0x00007fff4b68e000 	C:\WINDOWS\SYSTEM32\POWRPROF.dll
0x00007fff282b0000 - 0x00007fff282e6000 	C:\WINDOWS\SYSTEM32\WINMM.dll
0x00007fff42d60000 - 0x00007fff42d6b000 	C:\WINDOWS\SYSTEM32\VERSION.dll
0x00007fff4b620000 - 0x00007fff4b634000 	C:\WINDOWS\SYSTEM32\UMPDC.dll
0x00007fff4a5f0000 - 0x00007fff4a60a000 	C:\WINDOWS\SYSTEM32\kernel.appcore.dll
0x00007fff458e0000 - 0x00007fff458ea000 	c:\Users\bappa\.vscode\extensions\redhat.java-1.39.0-win32-x64\jre\21.0.5-win32-x86_64\bin\jimage.dll
0x00007fff491b0000 - 0x00007fff493f1000 	C:\WINDOWS\SYSTEM32\DBGHELP.DLL
0x00007fff4de30000 - 0x00007fff4e1ae000 	C:\WINDOWS\System32\combase.dll
0x00007fff4c390000 - 0x00007fff4c466000 	C:\WINDOWS\System32\OLEAUT32.dll
0x00007fff35a10000 - 0x00007fff35a49000 	C:\WINDOWS\SYSTEM32\dbgcore.DLL
0x00007fff4c1a0000 - 0x00007fff4c239000 	C:\WINDOWS\System32\bcryptPrimitives.dll
0x00007fff42010000 - 0x00007fff4201f000 	c:\Users\bappa\.vscode\extensions\redhat.java-1.39.0-win32-x64\jre\21.0.5-win32-x86_64\bin\instrument.dll
0x00007fff1f890000 - 0x00007fff1f8af000 	c:\Users\bappa\.vscode\extensions\redhat.java-1.39.0-win32-x64\jre\21.0.5-win32-x86_64\bin\java.dll
0x00007fff4d4b0000 - 0x00007fff4dbb1000 	C:\WINDOWS\System32\SHELL32.dll
0x00007fff49500000 - 0x00007fff49d31000 	C:\WINDOWS\SYSTEM32\windows.storage.dll
0x00007fff4c820000 - 0x00007fff4c8fa000 	C:\WINDOWS\System32\SHCORE.dll
0x00007fff4e340000 - 0x00007fff4e39d000 	C:\WINDOWS\System32\shlwapi.dll
0x00007fff4b6c0000 - 0x00007fff4b6ee000 	C:\WINDOWS\SYSTEM32\profapi.dll
0x00007fff1f870000 - 0x00007fff1f888000 	c:\Users\bappa\.vscode\extensions\redhat.java-1.39.0-win32-x64\jre\21.0.5-win32-x86_64\bin\zip.dll
0x00007fff39f70000 - 0x00007fff39f80000 	C:\Users\bappa\.vscode\extensions\redhat.java-1.39.0-win32-x64\jre\21.0.5-win32-x86_64\bin\net.dll
0x00007fff43730000 - 0x00007fff43856000 	C:\WINDOWS\SYSTEM32\WINHTTP.dll
0x00007fff4aaf0000 - 0x00007fff4ab58000 	C:\WINDOWS\system32\mswsock.dll
0x00007fff1ecd0000 - 0x00007fff1ece6000 	C:\Users\bappa\.vscode\extensions\redhat.java-1.39.0-win32-x64\jre\21.0.5-win32-x86_64\bin\nio.dll
0x00007fff39a60000 - 0x00007fff39a70000 	c:\Users\bappa\.vscode\extensions\redhat.java-1.39.0-win32-x64\jre\21.0.5-win32-x86_64\bin\verify.dll
0x00007fff18d50000 - 0x00007fff18d95000 	C:\Users\bappa\AppData\Roaming\Code\User\globalStorage\redhat.java\1.39.0\config_win\org.eclipse.equinox.launcher\org.eclipse.equinox.launcher.win32.win32.x86_64_1.2.1100.v20240722-2106\eclipse_11904.dll
0x00007fff4cb80000 - 0x00007fff4cd19000 	C:\WINDOWS\System32\ole32.dll
0x00007fff4ada0000 - 0x00007fff4adbc000 	C:\WINDOWS\SYSTEM32\CRYPTSP.dll
0x00007fff4a550000 - 0x00007fff4a588000 	C:\WINDOWS\system32\rsaenh.dll
0x00007fff4ab90000 - 0x00007fff4abbb000 	C:\WINDOWS\SYSTEM32\USERENV.dll
0x00007fff4afd0000 - 0x00007fff4aff6000 	C:\WINDOWS\SYSTEM32\bcrypt.dll
0x00007fff4ad90000 - 0x00007fff4ad9c000 	C:\WINDOWS\SYSTEM32\CRYPTBASE.dll
0x00007fff4a080000 - 0x00007fff4a0b2000 	C:\WINDOWS\SYSTEM32\IPHLPAPI.DLL
0x00007fff4c380000 - 0x00007fff4c38a000 	C:\WINDOWS\System32\NSI.dll
0x00007fff46b50000 - 0x00007fff46b99000 	C:\Users\bappa\AppData\Local\Temp\jna-93505986\jna561707850683557837.dll
0x00007fff4de20000 - 0x00007fff4de28000 	C:\WINDOWS\System32\PSAPI.DLL
0x00007fff44060000 - 0x00007fff4407e000 	C:\WINDOWS\SYSTEM32\dhcpcsvc6.DLL
0x00007fff43700000 - 0x00007fff43725000 	C:\WINDOWS\SYSTEM32\dhcpcsvc.DLL
0x00007fff46b20000 - 0x00007fff46b2e000 	C:\Users\bappa\.vscode\extensions\redhat.java-1.39.0-win32-x64\jre\21.0.5-win32-x86_64\bin\sunmscapi.dll
0x00007fff4ba30000 - 0x00007fff4bba6000 	C:\WINDOWS\System32\CRYPT32.dll
0x00007fff4af90000 - 0x00007fff4afc0000 	C:\WINDOWS\SYSTEM32\ncrypt.dll
0x00007fff4af40000 - 0x00007fff4af7f000 	C:\WINDOWS\SYSTEM32\NTASN1.dll
0x00007fff4a120000 - 0x00007fff4a245000 	C:\WINDOWS\SYSTEM32\DNSAPI.dll
0x00007fff40130000 - 0x00007fff4013b000 	C:\Windows\System32\rasadhlp.dll
0x00007fff42c20000 - 0x00007fff42ca5000 	C:\WINDOWS\System32\fwpuclnt.dll
0x00007fff46aa0000 - 0x00007fff46aa9000 	C:\Users\bappa\.vscode\extensions\redhat.java-1.39.0-win32-x64\jre\21.0.5-win32-x86_64\bin\extnet.dll

dbghelp: loaded successfully - version: 4.0.5 - missing functions: none
symbol engine: initialized successfully - sym options: 0x614 - pdb path: .;c:\Users\bappa\.vscode\extensions\redhat.java-1.39.0-win32-x64\jre\21.0.5-win32-x86_64\bin;C:\WINDOWS\SYSTEM32;C:\WINDOWS\WinSxS\amd64_microsoft.windows.common-controls_6595b64144ccf1df_6.0.26100.2454_none_3e0b68a2e331ad60;c:\Users\bappa\.vscode\extensions\redhat.java-1.39.0-win32-x64\jre\21.0.5-win32-x86_64\bin\server;C:\Users\bappa\AppData\Roaming\Code\User\globalStorage\redhat.java\1.39.0\config_win\org.eclipse.equinox.launcher\org.eclipse.equinox.launcher.win32.win32.x86_64_1.2.1100.v20240722-2106;C:\Users\bappa\AppData\Local\Temp\jna-93505986

VM Arguments:
jvm_args: --add-modules=ALL-SYSTEM --add-opens=java.base/java.util=ALL-UNNAMED --add-opens=java.base/java.lang=ALL-UNNAMED --add-opens=java.base/sun.nio.fs=ALL-UNNAMED -Declipse.application=org.eclipse.jdt.ls.core.id1 -Dosgi.bundles.defaultStartLevel=4 -Declipse.product=org.eclipse.jdt.ls.core.product -Djava.import.generatesMetadataFilesAtProjectRoot=false -DDetectVMInstallationsJob.disabled=true -Dfile.encoding=utf8 -XX:+UseParallelGC -XX:GCTimeRatio=4 -XX:AdaptiveSizePolicyWeight=90 -Dsun.zip.disableMemoryMapping=true -Xmx1G -Xms100m -Xlog:disable -javaagent:c:\Users\bappa\.vscode\extensions\redhat.java-1.39.0-win32-x64\lombok\lombok-1.18.34.jar -XX:+HeapDumpOnOutOfMemoryError -XX:HeapDumpPath=c:\Users\bappa\AppData\Roaming\Code\User\workspaceStorage\90d377f917b17aaa3f97234e233ec56e\redhat.java -Daether.dependencyCollector.impl=bf 
java_command: c:\Users\bappa\.vscode\extensions\redhat.java-1.39.0-win32-x64\server\plugins\org.eclipse.equinox.launcher_1.6.900.v20240613-2009.jar -configuration c:\Users\bappa\AppData\Roaming\Code\User\globalStorage\redhat.java\1.39.0\config_win -data c:\Users\bappa\AppData\Roaming\Code\User\workspaceStorage\90d377f917b17aaa3f97234e233ec56e\redhat.java\jdt_ws --pipe=\\.\pipe\lsp-b0bd9c484c50192a0eda4ce2a852057e-sock
java_class_path (initial): c:\Users\bappa\.vscode\extensions\redhat.java-1.39.0-win32-x64\server\plugins\org.eclipse.equinox.launcher_1.6.900.v20240613-2009.jar
Launcher Type: SUN_STANDARD

[Global flags]
    uintx AdaptiveSizePolicyWeight                 = 90                                        {product} {command line}
     intx CICompilerCount                          = 4                                         {product} {ergonomic}
    uintx GCTimeRatio                              = 4                                         {product} {command line}
     bool HeapDumpOnOutOfMemoryError               = true                                   {manageable} {command line}
    ccstr HeapDumpPath                             = c:\Users\bappa\AppData\Roaming\Code\User\workspaceStorage\90d377f917b17aaa3f97234e233ec56e\redhat.java         {manageable} {command line}
   size_t InitialHeapSize                          = 104857600                                 {product} {command line}
   size_t MaxHeapSize                              = 1073741824                                {product} {command line}
   size_t MaxNewSize                               = 357564416                                 {product} {ergonomic}
   size_t MinHeapDeltaBytes                        = 524288                                    {product} {ergonomic}
   size_t MinHeapSize                              = 104857600                                 {product} {command line}
   size_t NewSize                                  = 34603008                                  {product} {ergonomic}
    uintx NonNMethodCodeHeapSize                   = 5839372                                {pd product} {ergonomic}
    uintx NonProfiledCodeHeapSize                  = 122909434                              {pd product} {ergonomic}
   size_t OldSize                                  = 70254592                                  {product} {ergonomic}
    uintx ProfiledCodeHeapSize                     = 122909434                              {pd product} {ergonomic}
    uintx ReservedCodeCacheSize                    = 251658240                              {pd product} {ergonomic}
     bool SegmentedCodeCache                       = true                                      {product} {ergonomic}
   size_t SoftMaxHeapSize                          = 1073741824                             {manageable} {ergonomic}
     bool UseCompressedOops                        = true                           {product lp64_product} {ergonomic}
     bool UseLargePagesIndividualAllocation        = false                                  {pd product} {ergonomic}
     bool UseParallelGC                            = true                                      {product} {command line}

Logging:
Log output configuration:
 #0: stdout all=off uptime,level,tags foldmultilines=false
 #1: stderr all=off uptime,level,tags foldmultilines=false

Environment Variables:
PATH=C:\Program Files\Common Files\Oracle\Java\javapath;C:\WINDOWS\system32;C:\WINDOWS;C:\WINDOWS\System32\Wbem;C:\WINDOWS\System32\WindowsPowerShell\v1.0\;C:\WINDOWS\System32\OpenSSH\;C:\MinGW\bin;C:\Program Files\MongoDB\mongosh-2.3.1-win32-x64\bin;C:\Users\bappa\AppData\Roaming\nvm;C:\Program Files\nodejs;C:\Users\bappa\Downloads\apache-maven-3.9.9-bin\apache-maven-3.9.9\bin;C:\Program Files\Git\cmd;C:\Program Files\Git\bin;C:\Users\bappa\AppData\Local\Microsoft\WindowsApps;C:\Users\bappa\AppData\Local\Programs\Microsoft VS Code\bin;C:\MinGW\bin;C:\Users\bappa\AppData\Roaming\npm;C:\Program Files\Java\jdk-23\bin;C:\Program Files\CMake\bin;C:\Users\bappa\AppData\Roaming\nvm;C:\Program Files\nodejs;;C:\Program Files\JetBrains\IntelliJ IDEA Community Edition 2024.3.1\bin;
USERNAME=bappa
OS=Windows_NT
PROCESSOR_IDENTIFIER=Intel64 Family 6 Model 126 Stepping 5, GenuineIntel
TMP=C:\Users\bappa\AppData\Local\Temp
TEMP=C:\Users\bappa\AppData\Local\Temp




Periodic native trim disabled

---------------  S Y S T E M  ---------------

OS:
 Windows 11 , 64 bit Build 26100 (10.0.26100.2454)
OS uptime: 0 days 1:31 hours

CPU: total 8 (initial active 8) (4 cores per cpu, 2 threads per core) family 6 model 126 stepping 5 microcode 0xa0, cx8, cmov, fxsr, ht, mmx, 3dnowpref, sse, sse2, sse3, ssse3, sse4.1, sse4.2, popcnt, lzcnt, tsc, tscinvbit, avx, avx2, aes, erms, clmul, bmi1, bmi2, adx, avx512f, avx512dq, avx512cd, avx512bw, avx512vl, sha, fma, vzeroupper, avx512_vpopcntdq, avx512_vpclmulqdq, avx512_vaes, avx512_vnni, clflush, clflushopt, avx512_vbmi2, avx512_vbmi, rdtscp, rdpid, fsrm, gfni, avx512_bitalg, f16c, pku, avx512_ifma
Processor Information for all 8 processors :
  Max Mhz: 1201, Current Mhz: 700, Mhz Limit: 996

Memory: 4k page, system-wide physical 7997M (917M free)
TotalPageFile size 10045M (AvailPageFile size 15M)
current process WorkingSet (physical memory assigned to process): 984M, peak: 986M
current process commit charge ("private bytes"): 897M, peak: 900M

vm_info: OpenJDK 64-Bit Server VM (21.0.5+11-LTS) for windows-amd64 JRE (21.0.5+11-LTS), built on 2024-10-15T00:00:00Z by "admin" with MS VC++ 17.7 (VS2022)

END.
