#
# There is insufficient memory for the Java Runtime Environment to continue.
# Native memory allocation (malloc) failed to allocate 2199056 bytes. Error detail: Chunk::new
# Possible reasons:
#   The system is out of physical RAM or swap space
#   This process is running with CompressedOops enabled, and the Java Heap may be blocking the growth of the native heap
# Possible solutions:
#   Reduce memory load on the system
#   Increase physical memory or swap space
#   Check if swap backing store is full
#   Decrease Java heap size (-Xmx/-Xms)
#   Decrease number of Java threads
#   Decrease Java thread stack sizes (-Xss)
#   Set larger code cache with -XX:ReservedCodeCacheSize=
#   JVM is running with Unscaled Compressed Oops mode in which the Java heap is
#     placed in the first 4GB address space. The Java Heap base address is the
#     maximum limit for the native heap growth. Please use -XX:HeapBaseMinAddress
#     to set the Java Heap base and to place the Java Heap above 4GB virtual address.
# This output file may be truncated or incomplete.
#
#  Out of Memory Error (arena.cpp:168), pid=12736, tid=8088
#
# JRE version: OpenJDK Runtime Environment Temurin-21.0.5+11 (21.0.5+11) (build 21.0.5+11-LTS)
# Java VM: OpenJDK 64-Bit Server VM Temurin-21.0.5+11 (21.0.5+11-LTS, mixed mode, sharing, tiered, compressed oops, compressed class ptrs, parallel gc, windows-amd64)
# No core dump will be written. Minidumps are not enabled by default on client versions of Windows
#

---------------  S U M M A R Y ------------

Command Line: --add-modules=ALL-SYSTEM --add-opens=java.base/java.util=ALL-UNNAMED --add-opens=java.base/java.lang=ALL-UNNAMED --add-opens=java.base/sun.nio.fs=ALL-UNNAMED -Declipse.application=org.eclipse.jdt.ls.core.id1 -Dosgi.bundles.defaultStartLevel=4 -Declipse.product=org.eclipse.jdt.ls.core.product -Djava.import.generatesMetadataFilesAtProjectRoot=false -DDetectVMInstallationsJob.disabled=true -Dfile.encoding=utf8 -XX:+UseParallelGC -XX:GCTimeRatio=4 -XX:AdaptiveSizePolicyWeight=90 -Dsun.zip.disableMemoryMapping=true -Xmx1G -Xms100m -Xlog:disable -javaagent:c:\Users\bappa\.vscode\extensions\redhat.java-1.39.0-win32-x64\lombok\lombok-1.18.34.jar -XX:+HeapDumpOnOutOfMemoryError -XX:HeapDumpPath=c:\Users\bappa\AppData\Roaming\Code\User\workspaceStorage\90d377f917b17aaa3f97234e233ec56e\redhat.java -Daether.dependencyCollector.impl=bf c:\Users\bappa\.vscode\extensions\redhat.java-1.39.0-win32-x64\server\plugins\org.eclipse.equinox.launcher_1.6.900.v20240613-2009.jar -configuration c:\Users\bappa\AppData\Roaming\Code\User\globalStorage\redhat.java\1.39.0\config_win -data c:\Users\bappa\AppData\Roaming\Code\User\workspaceStorage\90d377f917b17aaa3f97234e233ec56e\redhat.java\jdt_ws --pipe=\\.\pipe\lsp-170b6917196d687cf08bf1142770042a-sock

Host: Intel(R) Core(TM) i5-1035G1 CPU @ 1.00GHz, 8 cores, 7G,  Windows 11 , 64 bit Build 26100 (10.0.26100.2454)
Time: Sun Feb  2 10:43:19 2025 India Standard Time elapsed time: 64.060830 seconds (0d 0h 1m 4s)

---------------  T H R E A D  ---------------

Current thread (0x0000028ad881b4d0):  JavaThread "C2 CompilerThread2" daemon [_thread_in_native, id=8088, stack(0x000000ce57e00000,0x000000ce57f00000) (1024K)]


Current CompileTask:
C2:64060 12345       4       org.eclipse.jdt.internal.core.search.indexing.BinaryIndexer::extractReferenceFromConstantPool (358 bytes)

Stack: [0x000000ce57e00000,0x000000ce57f00000]
Native frames: (J=compiled Java code, j=interpreted, Vv=VM code, C=native code)
V  [jvm.dll+0x6cd4e9]
V  [jvm.dll+0x8a7941]
V  [jvm.dll+0x8a9e6e]
V  [jvm.dll+0x8aa543]
V  [jvm.dll+0x27f6d6]
V  [jvm.dll+0xc500d]
V  [jvm.dll+0xc5543]
V  [jvm.dll+0x3b65d2]
V  [jvm.dll+0x382835]
V  [jvm.dll+0x381c9a]
V  [jvm.dll+0x2479d0]
V  [jvm.dll+0x246faf]
V  [jvm.dll+0x1c75ce]
V  [jvm.dll+0x25682a]
V  [jvm.dll+0x254dca]
V  [jvm.dll+0x3f00d6]
V  [jvm.dll+0x8514fb]
V  [jvm.dll+0x6cbbed]
C  [ucrtbase.dll+0x14ea0]
C  [KERNEL32.DLL+0x2e8d7]
C  [ntdll.dll+0xdfbcc]


---------------  P R O C E S S  ---------------

Threads class SMR info:
_java_thread_list=0x0000028ad51dc7c0, length=68, elements={
0x0000028af84fb470, 0x0000028afda0cde0, 0x0000028afda0f2b0, 0x0000028afda116b0,
0x0000028afda12480, 0x0000028afda176d0, 0x0000028afda1a130, 0x0000028afda1d370,
0x0000028afda26b20, 0x0000028aff5cacd0, 0x0000028aff767a40, 0x0000028ad47a1560,
0x0000028ad46fec30, 0x0000028ad4827330, 0x0000028ad4827990, 0x0000028ad4f76ce0,
0x0000028aff5647a0, 0x0000028ad42ba4c0, 0x0000028ad42b7040, 0x0000028ad42b76d0,
0x0000028ad42b7d60, 0x0000028ad42b9e30, 0x0000028ad42b83f0, 0x0000028ad42b9110,
0x0000028ad42b8a80, 0x0000028ad42b97a0, 0x0000028ad54314d0, 0x0000028ad54321f0,
0x0000028ad54342c0, 0x0000028ad5433c30, 0x0000028ad5430e40, 0x0000028ad5432880,
0x0000028ad5431b60, 0x0000028ad5435d00, 0x0000028ad5435670, 0x0000028ad5432f10,
0x0000028ad5434950, 0x0000028ad5436a20, 0x0000028ad54335a0, 0x0000028ad5437dd0,
0x0000028ad5438460, 0x0000028ad65ce7c0, 0x0000028ad65cd410, 0x0000028ad65cfb70,
0x0000028ad65ce130, 0x0000028ad65ccd80, 0x0000028ad65cdaa0, 0x0000028ad65cee50,
0x0000028ad65cc6f0, 0x0000028ad65d22d0, 0x0000028ad65d0200, 0x0000028ad65d2960,
0x0000028ad65d0f20, 0x0000028ad65d15b0, 0x0000028ad65cf4e0, 0x0000028ad65d3d10,
0x0000028ad65d1c40, 0x0000028ad65d2ff0, 0x0000028ad65d3680, 0x0000028ad85050a0,
0x0000028ad8507170, 0x0000028ad8505dc0, 0x0000028ad8506ae0, 0x0000028ad8506450,
0x0000028ad8507e90, 0x0000028ad8504a10, 0x0000028ad881ae00, 0x0000028ad881b4d0
}

Java Threads: ( => current thread )
  0x0000028af84fb470 JavaThread "main"                              [_thread_blocked, id=10888, stack(0x000000ce53400000,0x000000ce53500000) (1024K)]
  0x0000028afda0cde0 JavaThread "Reference Handler"          daemon [_thread_blocked, id=11364, stack(0x000000ce53800000,0x000000ce53900000) (1024K)]
  0x0000028afda0f2b0 JavaThread "Finalizer"                  daemon [_thread_blocked, id=9684, stack(0x000000ce53900000,0x000000ce53a00000) (1024K)]
  0x0000028afda116b0 JavaThread "Signal Dispatcher"          daemon [_thread_blocked, id=4452, stack(0x000000ce53a00000,0x000000ce53b00000) (1024K)]
  0x0000028afda12480 JavaThread "Attach Listener"            daemon [_thread_blocked, id=9400, stack(0x000000ce53b00000,0x000000ce53c00000) (1024K)]
  0x0000028afda176d0 JavaThread "Service Thread"             daemon [_thread_blocked, id=6976, stack(0x000000ce53c00000,0x000000ce53d00000) (1024K)]
  0x0000028afda1a130 JavaThread "Monitor Deflation Thread"   daemon [_thread_blocked, id=12884, stack(0x000000ce53d00000,0x000000ce53e00000) (1024K)]
  0x0000028afda1d370 JavaThread "C2 CompilerThread0"         daemon [_thread_blocked, id=11548, stack(0x000000ce53e00000,0x000000ce53f00000) (1024K)]
  0x0000028afda26b20 JavaThread "C1 CompilerThread0"         daemon [_thread_blocked, id=8728, stack(0x000000ce53f00000,0x000000ce54000000) (1024K)]
  0x0000028aff5cacd0 JavaThread "Common-Cleaner"             daemon [_thread_blocked, id=3260, stack(0x000000ce54000000,0x000000ce54100000) (1024K)]
  0x0000028aff767a40 JavaThread "Notification Thread"        daemon [_thread_blocked, id=7212, stack(0x000000ce54100000,0x000000ce54200000) (1024K)]
  0x0000028ad47a1560 JavaThread "Active Thread: Equinox Container: 1e6f8fed-e8e3-43ed-aa57-f1ac928cc58f"        [_thread_blocked, id=3336, stack(0x000000ce54900000,0x000000ce54a00000) (1024K)]
  0x0000028ad46fec30 JavaThread "Refresh Thread: Equinox Container: 1e6f8fed-e8e3-43ed-aa57-f1ac928cc58f" daemon [_thread_blocked, id=12628, stack(0x000000ce54b00000,0x000000ce54c00000) (1024K)]
  0x0000028ad4827330 JavaThread "Framework Event Dispatcher: Equinox Container: 1e6f8fed-e8e3-43ed-aa57-f1ac928cc58f" daemon [_thread_blocked, id=8632, stack(0x000000ce54800000,0x000000ce54900000) (1024K)]
  0x0000028ad4827990 JavaThread "Start Level: Equinox Container: 1e6f8fed-e8e3-43ed-aa57-f1ac928cc58f" daemon [_thread_blocked, id=1868, stack(0x000000ce54c00000,0x000000ce54d00000) (1024K)]
  0x0000028ad4f76ce0 JavaThread "Bundle File Closer"         daemon [_thread_blocked, id=12032, stack(0x000000ce54f00000,0x000000ce55000000) (1024K)]
  0x0000028aff5647a0 JavaThread "SCR Component Actor"        daemon [_thread_blocked, id=2404, stack(0x000000ce55000000,0x000000ce55100000) (1024K)]
  0x0000028ad42ba4c0 JavaThread "Worker-JM"                         [_thread_blocked, id=11672, stack(0x000000ce55100000,0x000000ce55200000) (1024K)]
  0x0000028ad42b7040 JavaThread "JNA Cleaner"                daemon [_thread_blocked, id=976, stack(0x000000ce55200000,0x000000ce55300000) (1024K)]
  0x0000028ad42b76d0 JavaThread "Worker-0"                          [_thread_blocked, id=12696, stack(0x000000ce55300000,0x000000ce55400000) (1024K)]
  0x0000028ad42b7d60 JavaThread "Worker-1"                          [_thread_blocked, id=10380, stack(0x000000ce55400000,0x000000ce55500000) (1024K)]
  0x0000028ad42b9e30 JavaThread "Worker-2: Initialize workspace"        [_thread_blocked, id=2688, stack(0x000000ce55500000,0x000000ce55600000) (1024K)]
  0x0000028ad42b83f0 JavaThread "Java indexing"              daemon [_thread_blocked, id=11084, stack(0x000000ce55700000,0x000000ce55800000) (1024K)]
  0x0000028ad42b9110 JavaThread "Worker-3"                          [_thread_blocked, id=13076, stack(0x000000ce55a00000,0x000000ce55b00000) (1024K)]
  0x0000028ad42b8a80 JavaThread "Worker-4"                          [_thread_blocked, id=8980, stack(0x000000ce55b00000,0x000000ce55c00000) (1024K)]
  0x0000028ad42b97a0 JavaThread "Thread-2"                   daemon [_thread_in_native, id=13144, stack(0x000000ce55c00000,0x000000ce55d00000) (1024K)]
  0x0000028ad54314d0 JavaThread "Thread-3"                   daemon [_thread_in_native, id=1240, stack(0x000000ce55d00000,0x000000ce55e00000) (1024K)]
  0x0000028ad54321f0 JavaThread "Thread-4"                   daemon [_thread_in_native, id=2948, stack(0x000000ce55e00000,0x000000ce55f00000) (1024K)]
  0x0000028ad54342c0 JavaThread "Thread-5"                   daemon [_thread_in_native, id=9496, stack(0x000000ce55f00000,0x000000ce56000000) (1024K)]
  0x0000028ad5433c30 JavaThread "Thread-6"                   daemon [_thread_in_native, id=2252, stack(0x000000ce56000000,0x000000ce56100000) (1024K)]
  0x0000028ad5430e40 JavaThread "Thread-7"                   daemon [_thread_in_native, id=9488, stack(0x000000ce56100000,0x000000ce56200000) (1024K)]
  0x0000028ad5432880 JavaThread "Thread-8"                   daemon [_thread_in_native, id=1200, stack(0x000000ce56200000,0x000000ce56300000) (1024K)]
  0x0000028ad5431b60 JavaThread "Thread-9"                   daemon [_thread_in_native, id=3296, stack(0x000000ce56300000,0x000000ce56400000) (1024K)]
  0x0000028ad5435d00 JavaThread "Thread-10"                  daemon [_thread_in_native, id=10404, stack(0x000000ce56400000,0x000000ce56500000) (1024K)]
  0x0000028ad5435670 JavaThread "pool-2-thread-1"                   [_thread_blocked, id=9940, stack(0x000000ce56500000,0x000000ce56600000) (1024K)]
  0x0000028ad5432f10 JavaThread "Worker-5: Java indexing... "        [_thread_blocked, id=11472, stack(0x000000ce56600000,0x000000ce56700000) (1024K)]
  0x0000028ad5434950 JavaThread "WorkspaceEventsHandler"            [_thread_blocked, id=7776, stack(0x000000ce56700000,0x000000ce56800000) (1024K)]
  0x0000028ad5436a20 JavaThread "pool-1-thread-1"                   [_thread_blocked, id=2032, stack(0x000000ce56800000,0x000000ce56900000) (1024K)]
  0x0000028ad54335a0 JavaThread "Worker-6"                          [_thread_blocked, id=10836, stack(0x000000ce56900000,0x000000ce56a00000) (1024K)]
  0x0000028ad5437dd0 JavaThread "LocalFile Deleter"          daemon [_thread_blocked, id=11420, stack(0x000000ce54d00000,0x000000ce54e00000) (1024K)]
  0x0000028ad5438460 JavaThread "LocalFile Deleter"          daemon [_thread_blocked, id=8808, stack(0x000000ce56a00000,0x000000ce56b00000) (1024K)]
  0x0000028ad65ce7c0 JavaThread "LocalFile Deleter"          daemon [_thread_blocked, id=6792, stack(0x000000ce56b00000,0x000000ce56c00000) (1024K)]
  0x0000028ad65cd410 JavaThread "LocalFile Deleter"          daemon [_thread_blocked, id=9892, stack(0x000000ce56c00000,0x000000ce56d00000) (1024K)]
  0x0000028ad65cfb70 JavaThread "LocalFile Deleter"          daemon [_thread_blocked, id=3896, stack(0x000000ce56d00000,0x000000ce56e00000) (1024K)]
  0x0000028ad65ce130 JavaThread "LocalFile Deleter"          daemon [_thread_blocked, id=7344, stack(0x000000ce56e00000,0x000000ce56f00000) (1024K)]
  0x0000028ad65ccd80 JavaThread "LocalFile Deleter"          daemon [_thread_blocked, id=6672, stack(0x000000ce56f00000,0x000000ce57000000) (1024K)]
  0x0000028ad65cdaa0 JavaThread "LocalFile Deleter"          daemon [_thread_blocked, id=1804, stack(0x000000ce57000000,0x000000ce57100000) (1024K)]
  0x0000028ad65cee50 JavaThread "Compiler Source File Reader" daemon [_thread_blocked, id=2052, stack(0x000000ce57100000,0x000000ce57200000) (1024K)]
  0x0000028ad65cc6f0 JavaThread "Compiler Source File Reader" daemon [_thread_blocked, id=4632, stack(0x000000ce57200000,0x000000ce57300000) (1024K)]
  0x0000028ad65d22d0 JavaThread "Compiler Source File Reader" daemon [_thread_blocked, id=4344, stack(0x000000ce57300000,0x000000ce57400000) (1024K)]
  0x0000028ad65d0200 JavaThread "Compiler Source File Reader" daemon [_thread_blocked, id=7828, stack(0x000000ce57400000,0x000000ce57500000) (1024K)]
  0x0000028ad65d2960 JavaThread "Compiler Source File Reader" daemon [_thread_blocked, id=8896, stack(0x000000ce57500000,0x000000ce57600000) (1024K)]
  0x0000028ad65d0f20 JavaThread "Compiler Source File Reader" daemon [_thread_blocked, id=5816, stack(0x000000ce57600000,0x000000ce57700000) (1024K)]
  0x0000028ad65d15b0 JavaThread "Compiler Processing Task"   daemon [_thread_blocked, id=10848, stack(0x000000ce57700000,0x000000ce57800000) (1024K)]
  0x0000028ad65cf4e0 JavaThread "Compiler Class File Writer" daemon [_thread_blocked, id=12228, stack(0x000000ce57800000,0x000000ce57900000) (1024K)]
  0x0000028ad65d3d10 JavaThread "Compiler Class File Writer" daemon [_thread_blocked, id=4216, stack(0x000000ce57900000,0x000000ce57a00000) (1024K)]
  0x0000028ad65d1c40 JavaThread "Compiler Class File Writer" daemon [_thread_blocked, id=12500, stack(0x000000ce57a00000,0x000000ce57b00000) (1024K)]
  0x0000028ad65d2ff0 JavaThread "Compiler Class File Writer" daemon [_thread_blocked, id=3808, stack(0x000000ce57b00000,0x000000ce57c00000) (1024K)]
  0x0000028ad65d3680 JavaThread "Compiler Class File Writer" daemon [_thread_blocked, id=9236, stack(0x000000ce57c00000,0x000000ce57d00000) (1024K)]
  0x0000028ad85050a0 JavaThread "Compiler Class File Writer" daemon [_thread_blocked, id=4028, stack(0x000000ce57d00000,0x000000ce57e00000) (1024K)]
  0x0000028ad8507170 JavaThread "ForkJoinPool.commonPool-worker-1" daemon [_thread_blocked, id=10196, stack(0x000000ce54e00000,0x000000ce54f00000) (1024K)]
  0x0000028ad8505dc0 JavaThread "ForkJoinPool.commonPool-worker-2" daemon [_thread_blocked, id=10296, stack(0x000000ce57f00000,0x000000ce58000000) (1024K)]
  0x0000028ad8506ae0 JavaThread "ForkJoinPool.commonPool-worker-3" daemon [_thread_blocked, id=13116, stack(0x000000ce58000000,0x000000ce58100000) (1024K)]
  0x0000028ad8506450 JavaThread "ForkJoinPool.commonPool-worker-4" daemon [_thread_blocked, id=5592, stack(0x000000ce58100000,0x000000ce58200000) (1024K)]
  0x0000028ad8507e90 JavaThread "ForkJoinPool.commonPool-worker-5" daemon [_thread_blocked, id=13228, stack(0x000000ce58200000,0x000000ce58300000) (1024K)]
  0x0000028ad8504a10 JavaThread "ForkJoinPool.commonPool-worker-6" daemon [_thread_blocked, id=4836, stack(0x000000ce58300000,0x000000ce58400000) (1024K)]
  0x0000028ad881ae00 JavaThread "C2 CompilerThread1"         daemon [_thread_blocked, id=11144, stack(0x000000ce55600000,0x000000ce55700000) (1024K)]
=>0x0000028ad881b4d0 JavaThread "C2 CompilerThread2"         daemon [_thread_in_native, id=8088, stack(0x000000ce57e00000,0x000000ce57f00000) (1024K)]
Total: 68

Other Threads:
  0x0000028af6213df0 VMThread "VM Thread"                           [id=10056, stack(0x000000ce53700000,0x000000ce53800000) (1024K)]
  0x0000028af856a3b0 WatcherThread "VM Periodic Task Thread"        [id=9008, stack(0x000000ce53600000,0x000000ce53700000) (1024K)]
  0x0000028af6213310 WorkerThread "GC Thread#0"                     [id=2864, stack(0x000000ce53500000,0x000000ce53600000) (1024K)]
  0x0000028af6214530 WorkerThread "GC Thread#1"                     [id=9884, stack(0x000000ce54200000,0x000000ce54300000) (1024K)]
  0x0000028af62148d0 WorkerThread "GC Thread#2"                     [id=4968, stack(0x000000ce54300000,0x000000ce54400000) (1024K)]
  0x0000028ad4572770 WorkerThread "GC Thread#3"                     [id=5732, stack(0x000000ce54400000,0x000000ce54500000) (1024K)]
  0x0000028ad4572030 WorkerThread "GC Thread#4"                     [id=4308, stack(0x000000ce54500000,0x000000ce54600000) (1024K)]
  0x0000028ad4574bb0 WorkerThread "GC Thread#5"                     [id=10912, stack(0x000000ce54600000,0x000000ce54700000) (1024K)]
  0x0000028ad45723d0 WorkerThread "GC Thread#6"                     [id=3132, stack(0x000000ce54700000,0x000000ce54800000) (1024K)]
  0x0000028ad45718f0 WorkerThread "GC Thread#7"                     [id=4540, stack(0x000000ce54a00000,0x000000ce54b00000) (1024K)]
Total: 10

Threads with active compile tasks:
C2 CompilerThread0  64115 12380   !   4       org.eclipse.jdt.internal.core.search.indexing.BinaryIndexer::indexDocument (1204 bytes)
C2 CompilerThread1  64115 12191 %     4       org.lombokweb.asm.ClassReader::readCode @ 1631 (5117 bytes)
C2 CompilerThread2  64115 12345       4       org.eclipse.jdt.internal.core.search.indexing.BinaryIndexer::extractReferenceFromConstantPool (358 bytes)
Total: 3

VM state: at safepoint (normal execution)

VM Mutex/Monitor currently owned by a thread:  ([mutex/lock_event])
[0x00007ffeda02d380] Threads_lock - owner thread: 0x0000028af6213df0
[0x00007ffeda02d480] Heap_lock - owner thread: 0x0000028ad42b9e30
[0x00007ffeda02d900] PSOldGenExpand_lock - owner thread: 0x0000028af62148d0

Heap address: 0x00000000c0000000, size: 1024 MB, Compressed Oops mode: 32-bit

CDS archive(s) mapped at: [0x0000028a8f000000-0x0000028a8fba0000-0x0000028a8fba0000), size 12189696, SharedBaseAddress: 0x0000028a8f000000, ArchiveRelocationMode: 1.
Compressed class space mapped at: 0x0000028a90000000-0x0000028ad0000000, reserved size: 1073741824
Narrow klass base: 0x0000028a8f000000, Narrow klass shift: 0, Narrow klass range: 0x100000000

GC Precious Log:
 CardTable entry size: 512
 CPUs: 8 total, 8 available
 Memory: 7997M
 Large Page Support: Disabled
 NUMA Support: Disabled
 Compressed Oops: Enabled (32-bit)
 Alignments: Space 512K, Generation 512K, Heap 2M
 Heap Min Capacity: 100M
 Heap Initial Capacity: 100M
 Heap Max Capacity: 1G
 Pre-touch: Disabled
 Parallel Workers: 8

Heap:
 PSYoungGen      total 13824K, used 13819K [0x00000000eab00000, 0x00000000ebb00000, 0x0000000100000000)
  eden space 12288K, 100% used [0x00000000eab00000,0x00000000eb700000,0x00000000eb700000)
  from space 1536K, 99% used [0x00000000eb980000,0x00000000ebafec08,0x00000000ebb00000)
  to   space 2048K, 52% used [0x00000000eb700000,0x00000000eb80d808,0x00000000eb900000)
 ParOldGen       total 431104K, used 431098K [0x00000000c0000000, 0x00000000da500000, 0x00000000eab00000)
  object space 431104K, 99% used [0x00000000c0000000,0x00000000da4fe960,0x00000000da500000)
 Metaspace       used 64827K, committed 66368K, reserved 1114112K
  class space    used 6671K, committed 7360K, reserved 1048576K

Card table byte_map: [0x0000028af7ea0000,0x0000028af80b0000] _byte_map_base: 0x0000028af78a0000

Marking Bits: (ParMarkBitMap*) 0x00007ffeda032250
 Begin Bits: [0x0000028afb850000, 0x0000028afc850000)
 End Bits:   [0x0000028afc850000, 0x0000028afd850000)

Polling page: 0x0000028af7c60000

Metaspace:

Usage:
  Non-class:     56.79 MB used.
      Class:      6.52 MB used.
       Both:     63.31 MB used.

Virtual space:
  Non-class space:       64.00 MB reserved,      57.62 MB ( 90%) committed,  1 nodes.
      Class space:        1.00 GB reserved,       7.19 MB ( <1%) committed,  1 nodes.
             Both:        1.06 GB reserved,      64.81 MB (  6%) committed. 

Chunk freelists:
   Non-Class:  6.31 MB
       Class:  8.67 MB
        Both:  14.98 MB

MaxMetaspaceSize: unlimited
CompressedClassSpaceSize: 1.00 GB
Initial GC threshold: 21.00 MB
Current GC threshold: 97.31 MB
CDS: on
 - commit_granule_bytes: 65536.
 - commit_granule_words: 8192.
 - virtual_space_node_default_size: 8388608.
 - enlarge_chunks_in_place: 1.
 - use_allocation_guard: 0.


Internal statistics:

num_allocs_failed_limit: 9.
num_arena_births: 1170.
num_arena_deaths: 20.
num_vsnodes_births: 2.
num_vsnodes_deaths: 0.
num_space_committed: 1037.
num_space_uncommitted: 0.
num_chunks_returned_to_freelist: 31.
num_chunks_taken_from_freelist: 4380.
num_chunk_merges: 18.
num_chunk_splits: 2598.
num_chunks_enlarged: 1350.
num_inconsistent_stats: 0.

CodeHeap 'non-profiled nmethods': size=120000Kb used=9344Kb max_used=9344Kb free=110655Kb
 bounds [0x0000028a87ad0000, 0x0000028a88400000, 0x0000028a8f000000]
CodeHeap 'profiled nmethods': size=120000Kb used=26206Kb max_used=26206Kb free=93794Kb
 bounds [0x0000028a80000000, 0x0000028a819a0000, 0x0000028a87530000]
CodeHeap 'non-nmethods': size=5760Kb used=1460Kb max_used=1527Kb free=4299Kb
 bounds [0x0000028a87530000, 0x0000028a877a0000, 0x0000028a87ad0000]
 total_blobs=12429 nmethods=11667 adapters=666
 compilation: enabled
              stopped_count=0, restarted_count=0
 full_count=0

Compilation events (20 events):
Event: 61.758 Thread 0x0000028afda26b20 nmethod 12515 0x0000028a81987a10 code [0x0000028a81987c00, 0x0000028a819880a0]
Event: 61.761 Thread 0x0000028afda26b20 12516       2       org.eclipse.jdt.internal.compiler.Compiler::accept (52 bytes)
Event: 61.762 Thread 0x0000028afda26b20 nmethod 12516 0x0000028a81988310 code [0x0000028a81988500, 0x0000028a819887d8]
Event: 61.773 Thread 0x0000028afda26b20 12517       2       org.eclipse.jdt.internal.compiler.lookup.MethodBinding::setAnnotations (17 bytes)
Event: 61.773 Thread 0x0000028afda26b20 nmethod 12517 0x0000028a81988a10 code [0x0000028a81988bc0, 0x0000028a81988d30]
Event: 61.791 Thread 0x0000028afda26b20 12518       2       org.eclipse.jdt.internal.compiler.codegen.CharArrayCache::rehash (86 bytes)
Event: 61.792 Thread 0x0000028afda26b20 nmethod 12518 0x0000028a81988e10 code [0x0000028a81988fe0, 0x0000028a81989478]
Event: 61.794 Thread 0x0000028afda26b20 12519       2       java.util.jar.JarFile::<init> (11 bytes)
Event: 61.795 Thread 0x0000028afda26b20 nmethod 12519 0x0000028a81989710 code [0x0000028a819898c0, 0x0000028a819899e8]
Event: 61.798 Thread 0x0000028afda26b20 12520       2       org.eclipse.jdt.internal.compiler.ast.ASTNode::resolveAnnotations (1501 bytes)
Event: 61.830 Thread 0x0000028afda26b20 nmethod 12520 0x0000028a81989a90 code [0x0000028a8198a0c0, 0x0000028a8198d058]
Event: 61.900 Thread 0x0000028afda26b20 12521       2       org.eclipse.jdt.internal.compiler.ClassFile::u2At (29 bytes)
Event: 61.901 Thread 0x0000028afda26b20 nmethod 12521 0x0000028a8198f110 code [0x0000028a8198f2c0, 0x0000028a8198f430]
Event: 61.915 Thread 0x0000028afda26b20 12522   !   3       org.eclipse.jdt.internal.compiler.parser.Scanner::getNextChar (71 bytes)
Event: 61.917 Thread 0x0000028afda26b20 nmethod 12522 0x0000028a8198f510 code [0x0000028a8198f6e0, 0x0000028a8198fac8]
Event: 61.940 Thread 0x0000028afda26b20 12523       2       org.eclipse.jdt.internal.core.NameLookup::seekTypesInWorkingCopies (441 bytes)
Event: 62.966 Thread 0x0000028afda26b20 nmethod 12523 0x0000028a8198fc90 code [0x0000028a819900c0, 0x0000028a81991510]
Event: 62.966 Thread 0x0000028afda26b20 12524       2       org.eclipse.jdt.internal.compiler.ClassFile::utf8At (156 bytes)
Event: 62.968 Thread 0x0000028afda26b20 nmethod 12524 0x0000028a81992090 code [0x0000028a81992260, 0x0000028a819926d8]
Event: 62.968 Thread 0x0000028afda26b20 12528   !   2       org.eclipse.jdt.internal.core.NameLookup::findType (596 bytes)

GC Heap History (20 events):
Event: 56.347 GC heap before
{Heap before GC invocations=622 (full 3):
 PSYoungGen      total 12800K, used 12800K [0x00000000eab00000, 0x00000000eba80000, 0x0000000100000000)
  eden space 12288K, 100% used [0x00000000eab00000,0x00000000eb700000,0x00000000eb700000)
  from space 512K, 100% used [0x00000000eba00000,0x00000000eba80000,0x00000000eba80000)
  to   space 1536K, 0% used [0x00000000eb780000,0x00000000eb780000,0x00000000eb900000)
 ParOldGen       total 420352K, used 420262K [0x00000000c0000000, 0x00000000d9a80000, 0x00000000eab00000)
  object space 420352K, 99% used [0x00000000c0000000,0x00000000d9a69b90,0x00000000d9a80000)
 Metaspace       used 63929K, committed 65472K, reserved 1114112K
  class space    used 6572K, committed 7232K, reserved 1048576K
}
Event: 56.352 GC heap after
{Heap after GC invocations=622 (full 3):
 PSYoungGen      total 13824K, used 608K [0x00000000eab00000, 0x00000000eba80000, 0x0000000100000000)
  eden space 12288K, 0% used [0x00000000eab00000,0x00000000eab00000,0x00000000eb700000)
  from space 1536K, 39% used [0x00000000eb780000,0x00000000eb818000,0x00000000eb900000)
  to   space 1024K, 0% used [0x00000000eb980000,0x00000000eb980000,0x00000000eba80000)
 ParOldGen       total 420864K, used 420798K [0x00000000c0000000, 0x00000000d9b00000, 0x00000000eab00000)
  object space 420864K, 99% used [0x00000000c0000000,0x00000000d9aefb90,0x00000000d9b00000)
 Metaspace       used 63929K, committed 65472K, reserved 1114112K
  class space    used 6572K, committed 7232K, reserved 1048576K
}
Event: 56.387 GC heap before
{Heap before GC invocations=623 (full 3):
 PSYoungGen      total 13824K, used 12896K [0x00000000eab00000, 0x00000000eba80000, 0x0000000100000000)
  eden space 12288K, 100% used [0x00000000eab00000,0x00000000eb700000,0x00000000eb700000)
  from space 1536K, 39% used [0x00000000eb780000,0x00000000eb818000,0x00000000eb900000)
  to   space 1024K, 0% used [0x00000000eb980000,0x00000000eb980000,0x00000000eba80000)
 ParOldGen       total 420864K, used 420798K [0x00000000c0000000, 0x00000000d9b00000, 0x00000000eab00000)
  object space 420864K, 99% used [0x00000000c0000000,0x00000000d9aefb90,0x00000000d9b00000)
 Metaspace       used 63937K, committed 65472K, reserved 1114112K
  class space    used 6574K, committed 7232K, reserved 1048576K
}
Event: 56.392 GC heap after
{Heap after GC invocations=623 (full 3):
 PSYoungGen      total 13312K, used 672K [0x00000000eab00000, 0x00000000eba80000, 0x0000000100000000)
  eden space 12288K, 0% used [0x00000000eab00000,0x00000000eab00000,0x00000000eb700000)
  from space 1024K, 65% used [0x00000000eb980000,0x00000000eba28000,0x00000000eba80000)
  to   space 1024K, 0% used [0x00000000eb880000,0x00000000eb880000,0x00000000eb980000)
 ParOldGen       total 421376K, used 421278K [0x00000000c0000000, 0x00000000d9b80000, 0x00000000eab00000)
  object space 421376K, 99% used [0x00000000c0000000,0x00000000d9b67be0,0x00000000d9b80000)
 Metaspace       used 63937K, committed 65472K, reserved 1114112K
  class space    used 6574K, committed 7232K, reserved 1048576K
}
Event: 56.431 GC heap before
{Heap before GC invocations=624 (full 3):
 PSYoungGen      total 13312K, used 12960K [0x00000000eab00000, 0x00000000eba80000, 0x0000000100000000)
  eden space 12288K, 100% used [0x00000000eab00000,0x00000000eb700000,0x00000000eb700000)
  from space 1024K, 65% used [0x00000000eb980000,0x00000000eba28000,0x00000000eba80000)
  to   space 1024K, 0% used [0x00000000eb880000,0x00000000eb880000,0x00000000eb980000)
 ParOldGen       total 421376K, used 421278K [0x00000000c0000000, 0x00000000d9b80000, 0x00000000eab00000)
  object space 421376K, 99% used [0x00000000c0000000,0x00000000d9b67be0,0x00000000d9b80000)
 Metaspace       used 63944K, committed 65472K, reserved 1114112K
  class space    used 6574K, committed 7232K, reserved 1048576K
}
Event: 56.439 GC heap after
{Heap after GC invocations=624 (full 3):
 PSYoungGen      total 13312K, used 384K [0x00000000eab00000, 0x00000000eba00000, 0x0000000100000000)
  eden space 12288K, 0% used [0x00000000eab00000,0x00000000eab00000,0x00000000eb700000)
  from space 1024K, 37% used [0x00000000eb880000,0x00000000eb8e0000,0x00000000eb980000)
  to   space 512K, 0% used [0x00000000eb980000,0x00000000eb980000,0x00000000eba00000)
 ParOldGen       total 421888K, used 421852K [0x00000000c0000000, 0x00000000d9c00000, 0x00000000eab00000)
  object space 421888K, 99% used [0x00000000c0000000,0x00000000d9bf7090,0x00000000d9c00000)
 Metaspace       used 63944K, committed 65472K, reserved 1114112K
  class space    used 6574K, committed 7232K, reserved 1048576K
}
Event: 57.498 GC heap before
{Heap before GC invocations=625 (full 3):
 PSYoungGen      total 13312K, used 12672K [0x00000000eab00000, 0x00000000eba00000, 0x0000000100000000)
  eden space 12288K, 100% used [0x00000000eab00000,0x00000000eb700000,0x00000000eb700000)
  from space 1024K, 37% used [0x00000000eb880000,0x00000000eb8e0000,0x00000000eb980000)
  to   space 512K, 0% used [0x00000000eb980000,0x00000000eb980000,0x00000000eba00000)
 ParOldGen       total 422400K, used 421888K [0x00000000c0000000, 0x00000000d9c80000, 0x00000000eab00000)
  object space 422400K, 99% used [0x00000000c0000000,0x00000000d9c00198,0x00000000d9c80000)
 Metaspace       used 63946K, committed 65472K, reserved 1114112K
  class space    used 6574K, committed 7232K, reserved 1048576K
}
Event: 57.500 GC heap after
{Heap after GC invocations=625 (full 3):
 PSYoungGen      total 12800K, used 308K [0x00000000eab00000, 0x00000000eba00000, 0x0000000100000000)
  eden space 12288K, 0% used [0x00000000eab00000,0x00000000eab00000,0x00000000eb700000)
  from space 512K, 60% used [0x00000000eb980000,0x00000000eb9cd200,0x00000000eba00000)
  to   space 512K, 0% used [0x00000000eb900000,0x00000000eb900000,0x00000000eb980000)
 ParOldGen       total 422400K, used 422096K [0x00000000c0000000, 0x00000000d9c80000, 0x00000000eab00000)
  object space 422400K, 99% used [0x00000000c0000000,0x00000000d9c34198,0x00000000d9c80000)
 Metaspace       used 63946K, committed 65472K, reserved 1114112K
  class space    used 6574K, committed 7232K, reserved 1048576K
}
Event: 57.916 GC heap before
{Heap before GC invocations=626 (full 3):
 PSYoungGen      total 12800K, used 12596K [0x00000000eab00000, 0x00000000eba00000, 0x0000000100000000)
  eden space 12288K, 100% used [0x00000000eab00000,0x00000000eb700000,0x00000000eb700000)
  from space 512K, 60% used [0x00000000eb980000,0x00000000eb9cd200,0x00000000eba00000)
  to   space 512K, 0% used [0x00000000eb900000,0x00000000eb900000,0x00000000eb980000)
 ParOldGen       total 425472K, used 425028K [0x00000000c0000000, 0x00000000d9f80000, 0x00000000eab00000)
  object space 425472K, 99% used [0x00000000c0000000,0x00000000d9f112d0,0x00000000d9f80000)
 Metaspace       used 63950K, committed 65472K, reserved 1114112K
  class space    used 6574K, committed 7232K, reserved 1048576K
}
Event: 57.920 GC heap after
{Heap after GC invocations=626 (full 3):
 PSYoungGen      total 12800K, used 256K [0x00000000eab00000, 0x00000000eba00000, 0x0000000100000000)
  eden space 12288K, 0% used [0x00000000eab00000,0x00000000eab00000,0x00000000eb700000)
  from space 512K, 50% used [0x00000000eb900000,0x00000000eb940000,0x00000000eb980000)
  to   space 512K, 0% used [0x00000000eb980000,0x00000000eb980000,0x00000000eba00000)
 ParOldGen       total 425472K, used 425240K [0x00000000c0000000, 0x00000000d9f80000, 0x00000000eab00000)
  object space 425472K, 99% used [0x00000000c0000000,0x00000000d9f460c8,0x00000000d9f80000)
 Metaspace       used 63950K, committed 65472K, reserved 1114112K
  class space    used 6574K, committed 7232K, reserved 1048576K
}
Event: 58.180 GC heap before
{Heap before GC invocations=627 (full 3):
 PSYoungGen      total 12800K, used 12544K [0x00000000eab00000, 0x00000000eba00000, 0x0000000100000000)
  eden space 12288K, 100% used [0x00000000eab00000,0x00000000eb700000,0x00000000eb700000)
  from space 512K, 50% used [0x00000000eb900000,0x00000000eb940000,0x00000000eb980000)
  to   space 512K, 0% used [0x00000000eb980000,0x00000000eb980000,0x00000000eba00000)
 ParOldGen       total 425472K, used 425242K [0x00000000c0000000, 0x00000000d9f80000, 0x00000000eab00000)
  object space 425472K, 99% used [0x00000000c0000000,0x00000000d9f46b00,0x00000000d9f80000)
 Metaspace       used 63998K, committed 65536K, reserved 1114112K
  class space    used 6586K, committed 7232K, reserved 1048576K
}
Event: 58.185 GC heap after
{Heap after GC invocations=627 (full 3):
 PSYoungGen      total 12800K, used 504K [0x00000000eab00000, 0x00000000eba00000, 0x0000000100000000)
  eden space 12288K, 0% used [0x00000000eab00000,0x00000000eab00000,0x00000000eb700000)
  from space 512K, 98% used [0x00000000eb980000,0x00000000eb9fe1c0,0x00000000eba00000)
  to   space 1024K, 0% used [0x00000000eb800000,0x00000000eb800000,0x00000000eb900000)
 ParOldGen       total 425472K, used 425419K [0x00000000c0000000, 0x00000000d9f80000, 0x00000000eab00000)
  object space 425472K, 99% used [0x00000000c0000000,0x00000000d9f72cd0,0x00000000d9f80000)
 Metaspace       used 63998K, committed 65536K, reserved 1114112K
  class space    used 6586K, committed 7232K, reserved 1048576K
}
Event: 59.063 GC heap before
{Heap before GC invocations=628 (full 3):
 PSYoungGen      total 12800K, used 12792K [0x00000000eab00000, 0x00000000eba00000, 0x0000000100000000)
  eden space 12288K, 100% used [0x00000000eab00000,0x00000000eb700000,0x00000000eb700000)
  from space 512K, 98% used [0x00000000eb980000,0x00000000eb9fe1c0,0x00000000eba00000)
  to   space 1024K, 0% used [0x00000000eb800000,0x00000000eb800000,0x00000000eb900000)
 ParOldGen       total 425472K, used 425419K [0x00000000c0000000, 0x00000000d9f80000, 0x00000000eab00000)
  object space 425472K, 99% used [0x00000000c0000000,0x00000000d9f72cd0,0x00000000d9f80000)
 Metaspace       used 64131K, committed 65600K, reserved 1114112K
  class space    used 6601K, committed 7232K, reserved 1048576K
}
Event: 59.071 GC heap after
{Heap after GC invocations=628 (full 3):
 PSYoungGen      total 13312K, used 1024K [0x00000000eab00000, 0x00000000ebe00000, 0x0000000100000000)
  eden space 12288K, 0% used [0x00000000eab00000,0x00000000eab00000,0x00000000eb700000)
  from space 1024K, 100% used [0x00000000eb800000,0x00000000eb900000,0x00000000eb900000)
  to   space 3584K, 0% used [0x00000000eba80000,0x00000000eba80000,0x00000000ebe00000)
 ParOldGen       total 427520K, used 427339K [0x00000000c0000000, 0x00000000da180000, 0x00000000eab00000)
  object space 427520K, 99% used [0x00000000c0000000,0x00000000da152ed8,0x00000000da180000)
 Metaspace       used 64131K, committed 65600K, reserved 1114112K
  class space    used 6601K, committed 7232K, reserved 1048576K
}
Event: 59.846 GC heap before
{Heap before GC invocations=629 (full 3):
 PSYoungGen      total 13312K, used 13311K [0x00000000eab00000, 0x00000000ebe00000, 0x0000000100000000)
  eden space 12288K, 99% used [0x00000000eab00000,0x00000000eb6ffff0,0x00000000eb700000)
  from space 1024K, 100% used [0x00000000eb800000,0x00000000eb900000,0x00000000eb900000)
  to   space 3584K, 0% used [0x00000000eba80000,0x00000000eba80000,0x00000000ebe00000)
 ParOldGen       total 427520K, used 427339K [0x00000000c0000000, 0x00000000da180000, 0x00000000eab00000)
  object space 427520K, 99% used [0x00000000c0000000,0x00000000da152ed8,0x00000000da180000)
 Metaspace       used 64432K, committed 65984K, reserved 1114112K
  class space    used 6619K, committed 7296K, reserved 1048576K
}
Event: 59.853 GC heap after
{Heap after GC invocations=629 (full 3):
 PSYoungGen      total 14336K, used 1827K [0x00000000eab00000, 0x00000000ebc80000, 0x0000000100000000)
  eden space 12288K, 0% used [0x00000000eab00000,0x00000000eab00000,0x00000000eb700000)
  from space 2048K, 89% used [0x00000000eba80000,0x00000000ebc48d00,0x00000000ebc80000)
  to   space 2560K, 0% used [0x00000000eb780000,0x00000000eb780000,0x00000000eba00000)
 ParOldGen       total 428544K, used 428411K [0x00000000c0000000, 0x00000000da280000, 0x00000000eab00000)
  object space 428544K, 99% used [0x00000000c0000000,0x00000000da25eed8,0x00000000da280000)
 Metaspace       used 64432K, committed 65984K, reserved 1114112K
  class space    used 6619K, committed 7296K, reserved 1048576K
}
Event: 61.445 GC heap before
{Heap before GC invocations=630 (full 3):
 PSYoungGen      total 14336K, used 14115K [0x00000000eab00000, 0x00000000ebc80000, 0x0000000100000000)
  eden space 12288K, 100% used [0x00000000eab00000,0x00000000eb700000,0x00000000eb700000)
  from space 2048K, 89% used [0x00000000eba80000,0x00000000ebc48d00,0x00000000ebc80000)
  to   space 2560K, 0% used [0x00000000eb780000,0x00000000eb780000,0x00000000eba00000)
 ParOldGen       total 428544K, used 428411K [0x00000000c0000000, 0x00000000da280000, 0x00000000eab00000)
  object space 428544K, 99% used [0x00000000c0000000,0x00000000da25eed8,0x00000000da280000)
 Metaspace       used 64664K, committed 66176K, reserved 1114112K
  class space    used 6666K, committed 7360K, reserved 1048576K
}
Event: 61.450 GC heap after
{Heap after GC invocations=630 (full 3):
 PSYoungGen      total 13312K, used 800K [0x00000000eab00000, 0x00000000ebb00000, 0x0000000100000000)
  eden space 12288K, 0% used [0x00000000eab00000,0x00000000eab00000,0x00000000eb700000)
  from space 1024K, 78% used [0x00000000eb780000,0x00000000eb848000,0x00000000eb880000)
  to   space 1536K, 0% used [0x00000000eb980000,0x00000000eb980000,0x00000000ebb00000)
 ParOldGen       total 429568K, used 429313K [0x00000000c0000000, 0x00000000da380000, 0x00000000eab00000)
  object space 429568K, 99% used [0x00000000c0000000,0x00000000da340748,0x00000000da380000)
 Metaspace       used 64664K, committed 66176K, reserved 1114112K
  class space    used 6666K, committed 7360K, reserved 1048576K
}
Event: 61.811 GC heap before
{Heap before GC invocations=631 (full 3):
 PSYoungGen      total 13312K, used 13088K [0x00000000eab00000, 0x00000000ebb00000, 0x0000000100000000)
  eden space 12288K, 100% used [0x00000000eab00000,0x00000000eb700000,0x00000000eb700000)
  from space 1024K, 78% used [0x00000000eb780000,0x00000000eb848000,0x00000000eb880000)
  to   space 1536K, 0% used [0x00000000eb980000,0x00000000eb980000,0x00000000ebb00000)
 ParOldGen       total 429568K, used 429313K [0x00000000c0000000, 0x00000000da380000, 0x00000000eab00000)
  object space 429568K, 99% used [0x00000000c0000000,0x00000000da340748,0x00000000da380000)
 Metaspace       used 64796K, committed 66304K, reserved 1114112K
  class space    used 6670K, committed 7360K, reserved 1048576K
}
Event: 61.819 GC heap after
{Heap after GC invocations=631 (full 3):
 PSYoungGen      total 13824K, used 1531K [0x00000000eab00000, 0x00000000ebb00000, 0x0000000100000000)
  eden space 12288K, 0% used [0x00000000eab00000,0x00000000eab00000,0x00000000eb700000)
  from space 1536K, 99% used [0x00000000eb980000,0x00000000ebafec08,0x00000000ebb00000)
  to   space 2048K, 0% used [0x00000000eb700000,0x00000000eb700000,0x00000000eb900000)
 ParOldGen       total 430080K, used 429977K [0x00000000c0000000, 0x00000000da400000, 0x00000000eab00000)
  object space 430080K, 99% used [0x00000000c0000000,0x00000000da3e6748,0x00000000da400000)
 Metaspace       used 64796K, committed 66304K, reserved 1114112K
  class space    used 6670K, committed 7360K, reserved 1048576K
}

Dll operation events (10 events):
Event: 0.026 Loaded shared library c:\Users\bappa\.vscode\extensions\redhat.java-1.39.0-win32-x64\jre\21.0.5-win32-x86_64\bin\java.dll
Event: 0.502 Loaded shared library c:\Users\bappa\.vscode\extensions\redhat.java-1.39.0-win32-x64\jre\21.0.5-win32-x86_64\bin\zip.dll
Event: 0.808 Loaded shared library C:\Users\bappa\.vscode\extensions\redhat.java-1.39.0-win32-x64\jre\21.0.5-win32-x86_64\bin\instrument.dll
Event: 0.829 Loaded shared library C:\Users\bappa\.vscode\extensions\redhat.java-1.39.0-win32-x64\jre\21.0.5-win32-x86_64\bin\net.dll
Event: 0.839 Loaded shared library C:\Users\bappa\.vscode\extensions\redhat.java-1.39.0-win32-x64\jre\21.0.5-win32-x86_64\bin\nio.dll
Event: 0.851 Loaded shared library C:\Users\bappa\.vscode\extensions\redhat.java-1.39.0-win32-x64\jre\21.0.5-win32-x86_64\bin\zip.dll
Event: 1.019 Loaded shared library C:\Users\bappa\.vscode\extensions\redhat.java-1.39.0-win32-x64\jre\21.0.5-win32-x86_64\bin\jimage.dll
Event: 1.417 Loaded shared library c:\Users\bappa\.vscode\extensions\redhat.java-1.39.0-win32-x64\jre\21.0.5-win32-x86_64\bin\verify.dll
Event: 5.451 Loaded shared library C:\Users\bappa\AppData\Roaming\Code\User\globalStorage\redhat.java\1.39.0\config_win\org.eclipse.equinox.launcher\org.eclipse.equinox.launcher.win32.win32.x86_64_1.2.1100.v20240722-2106\eclipse_11904.dll
Event: 10.020 Loaded shared library C:\Users\bappa\AppData\Local\Temp\jna-93505986\jna10945782722525955317.dll

Deoptimization events (20 events):
Event: 61.608 Thread 0x0000028ad42b83f0 DEOPT PACKING pc=0x0000028a818913c6 sp=0x000000ce557fef10
Event: 61.608 Thread 0x0000028ad42b83f0 DEOPT UNPACKING pc=0x0000028a875878e2 sp=0x000000ce557fe498 mode 0
Event: 61.801 Thread 0x0000028ad42b83f0 DEOPT PACKING pc=0x0000028a80b48b9a sp=0x000000ce557fef10
Event: 61.801 Thread 0x0000028ad42b83f0 DEOPT UNPACKING pc=0x0000028a875878e2 sp=0x000000ce557fe328 mode 0
Event: 61.865 Thread 0x0000028ad42b83f0 DEOPT PACKING pc=0x0000028a81890e1a sp=0x000000ce557fef10
Event: 61.865 Thread 0x0000028ad42b83f0 DEOPT UNPACKING pc=0x0000028a875878e2 sp=0x000000ce557fe498 mode 0
Event: 61.895 Thread 0x0000028ad42b83f0 DEOPT PACKING pc=0x0000028a80b48b9a sp=0x000000ce557fef10
Event: 61.895 Thread 0x0000028ad42b83f0 DEOPT UNPACKING pc=0x0000028a875878e2 sp=0x000000ce557fe328 mode 0
Event: 61.924 Thread 0x0000028ad42b83f0 DEOPT PACKING pc=0x0000028a81890e1a sp=0x000000ce557fef10
Event: 61.924 Thread 0x0000028ad42b83f0 DEOPT UNPACKING pc=0x0000028a875878e2 sp=0x000000ce557fe498 mode 0
Event: 62.947 Thread 0x0000028ad42b83f0 DEOPT PACKING pc=0x0000028a80b48b9a sp=0x000000ce557fed10
Event: 62.947 Thread 0x0000028ad42b83f0 DEOPT UNPACKING pc=0x0000028a875878e2 sp=0x000000ce557fe128 mode 0
Event: 62.982 Thread 0x0000028ad42b83f0 DEOPT PACKING pc=0x0000028a81890e1a sp=0x000000ce557fef10
Event: 62.982 Thread 0x0000028ad42b83f0 DEOPT UNPACKING pc=0x0000028a875878e2 sp=0x000000ce557fe498 mode 0
Event: 62.992 Thread 0x0000028ad42b83f0 DEOPT PACKING pc=0x0000028a80b48b9a sp=0x000000ce557feef0
Event: 62.992 Thread 0x0000028ad42b83f0 DEOPT UNPACKING pc=0x0000028a875878e2 sp=0x000000ce557fe308 mode 0
Event: 63.016 Thread 0x0000028ad42b83f0 DEOPT PACKING pc=0x0000028a81890e1a sp=0x000000ce557fef10
Event: 63.016 Thread 0x0000028ad42b83f0 DEOPT UNPACKING pc=0x0000028a875878e2 sp=0x000000ce557fe498 mode 0
Event: 63.019 Thread 0x0000028ad42b83f0 DEOPT PACKING pc=0x0000028a80b48b9a sp=0x000000ce557fef10
Event: 63.019 Thread 0x0000028ad42b83f0 DEOPT UNPACKING pc=0x0000028a875878e2 sp=0x000000ce557fe328 mode 0

Classes loaded (20 events):
Event: 45.664 Loading class java/util/concurrent/CompletableFuture$UniExceptionally
Event: 45.665 Loading class java/util/concurrent/CompletableFuture$Signaller
Event: 45.665 Loading class java/util/concurrent/CompletableFuture$Signaller done
Event: 45.665 Loading class java/util/concurrent/CompletableFuture$UniExceptionally done
Event: 47.609 Loading class java/nio/charset/CharacterCodingException
Event: 47.609 Loading class java/nio/charset/CharacterCodingException done
Event: 47.610 Loading class java/io/SequenceInputStream
Event: 47.610 Loading class java/io/SequenceInputStream done
Event: 47.731 Loading class java/lang/Throwable$WrappedPrintWriter
Event: 47.732 Loading class java/lang/Throwable$PrintStreamOrWriter
Event: 47.734 Loading class java/lang/Throwable$PrintStreamOrWriter done
Event: 47.734 Loading class java/lang/Throwable$WrappedPrintWriter done
Event: 48.013 Loading class java/util/Hashtable$KeySet
Event: 48.015 Loading class java/util/Hashtable$KeySet done
Event: 49.637 Loading class java/lang/UnsupportedClassVersionError
Event: 49.637 Loading class java/lang/UnsupportedClassVersionError done
Event: 50.319 Loading class java/lang/invoke/MethodHandleImpl$CountingWrapper$1
Event: 50.320 Loading class java/lang/invoke/MethodHandleImpl$CountingWrapper$1 done
Event: 59.189 Loading class sun/nio/fs/WindowsFileCopy
Event: 59.190 Loading class sun/nio/fs/WindowsFileCopy done

Classes unloaded (10 events):
Event: 12.004 Thread 0x0000028af6213df0 Unloading class 0x0000028a90193c00 'java/lang/invoke/LambdaForm$MH+0x0000028a90193c00'
Event: 12.004 Thread 0x0000028af6213df0 Unloading class 0x0000028a90193800 'java/lang/invoke/LambdaForm$MH+0x0000028a90193800'
Event: 12.004 Thread 0x0000028af6213df0 Unloading class 0x0000028a90193400 'java/lang/invoke/LambdaForm$MH+0x0000028a90193400'
Event: 12.004 Thread 0x0000028af6213df0 Unloading class 0x0000028a90193000 'java/lang/invoke/LambdaForm$MH+0x0000028a90193000'
Event: 12.004 Thread 0x0000028af6213df0 Unloading class 0x0000028a90192c00 'java/lang/invoke/LambdaForm$BMH+0x0000028a90192c00'
Event: 12.004 Thread 0x0000028af6213df0 Unloading class 0x0000028a90192800 'java/lang/invoke/LambdaForm$DMH+0x0000028a90192800'
Event: 12.004 Thread 0x0000028af6213df0 Unloading class 0x0000028a90191400 'java/lang/invoke/LambdaForm$DMH+0x0000028a90191400'
Event: 34.452 Thread 0x0000028af6213df0 Unloading class 0x0000028a90654c00 'java/lang/invoke/LambdaForm$DMH+0x0000028a90654c00'
Event: 34.452 Thread 0x0000028af6213df0 Unloading class 0x0000028a90654800 'java/lang/invoke/LambdaForm$DMH+0x0000028a90654800'
Event: 34.452 Thread 0x0000028af6213df0 Unloading class 0x0000028a90654400 'java/lang/invoke/LambdaForm$DMH+0x0000028a90654400'

Classes redefined (0 events):
No events

Internal exceptions (20 events):
Event: 53.344 Thread 0x0000028ad8507170 Implicit null exception at 0x0000028a8833ec69 to 0x0000028a8834034c
Event: 53.761 Thread 0x0000028ad8507170 Implicit null exception at 0x0000028a87ef4748 to 0x0000028a87ef5108
Event: 57.498 Thread 0x0000028ad8507170 Exception <a 'java/lang/IncompatibleClassChangeError'{0x00000000eb698ee0}: Found class java.lang.Object, but interface was expected> (0x00000000eb698ee0) 
thrown [s\src\hotspot\share\interpreter\linkResolver.cpp, line 840]
Event: 58.787 Thread 0x0000028ad42b76d0 Implicit null exception at 0x0000028a883a1007 to 0x0000028a883a1a54
Event: 58.787 Thread 0x0000028ad42b9e30 Implicit null exception at 0x0000028a883a1007 to 0x0000028a883a1a54
Event: 58.874 Thread 0x0000028ad42b76d0 Implicit null exception at 0x0000028a883a3f30 to 0x0000028a883a47d0
Event: 59.191 Thread 0x0000028ad42b83f0 Exception <a 'sun/nio/fs/WindowsException'{0x00000000ead9b7a0}> (0x00000000ead9b7a0) 
thrown [s\src\hotspot\share\prims\jni.cpp, line 520]
Event: 59.459 Thread 0x0000028ad42b83f0 Exception <a 'sun/nio/fs/WindowsException'{0x00000000eaf974d0}> (0x00000000eaf974d0) 
thrown [s\src\hotspot\share\prims\jni.cpp, line 520]
Event: 59.652 Thread 0x0000028ad42b83f0 Exception <a 'sun/nio/fs/WindowsException'{0x00000000eb0779c0}> (0x00000000eb0779c0) 
thrown [s\src\hotspot\share\prims\jni.cpp, line 520]
Event: 59.687 Thread 0x0000028ad42b83f0 Exception <a 'sun/nio/fs/WindowsException'{0x00000000eb155b08}> (0x00000000eb155b08) 
thrown [s\src\hotspot\share\prims\jni.cpp, line 520]
Event: 59.807 Thread 0x0000028ad42b76d0 Implicit null exception at 0x0000028a87d6a455 to 0x0000028a87d6a624
Event: 60.166 Thread 0x0000028ad42b9e30 Exception <a 'sun/nio/fs/WindowsException'{0x00000000eb5a1eb0}> (0x00000000eb5a1eb0) 
thrown [s\src\hotspot\share\prims\jni.cpp, line 520]
Event: 60.187 Thread 0x0000028ad42b9e30 Exception <a 'sun/nio/fs/WindowsException'{0x00000000eb5a24e0}> (0x00000000eb5a24e0) 
thrown [s\src\hotspot\share\prims\jni.cpp, line 520]
Event: 60.223 Thread 0x0000028ad42b9e30 Exception <a 'sun/nio/fs/WindowsException'{0x00000000eb5a33d0}> (0x00000000eb5a33d0) 
thrown [s\src\hotspot\share\prims\jni.cpp, line 520]
Event: 60.223 Thread 0x0000028ad42b9e30 Exception <a 'sun/nio/fs/WindowsException'{0x00000000eb5a3a00}> (0x00000000eb5a3a00) 
thrown [s\src\hotspot\share\prims\jni.cpp, line 520]
Event: 60.225 Thread 0x0000028ad42b9e30 Exception <a 'sun/nio/fs/WindowsException'{0x00000000eb5a5360}> (0x00000000eb5a5360) 
thrown [s\src\hotspot\share\prims\jni.cpp, line 520]
Event: 60.225 Thread 0x0000028ad42b9e30 Exception <a 'sun/nio/fs/WindowsException'{0x00000000eb5a5990}> (0x00000000eb5a5990) 
thrown [s\src\hotspot\share\prims\jni.cpp, line 520]
Event: 61.391 Thread 0x0000028ad42b9e30 Exception <a 'sun/nio/fs/WindowsException'{0x00000000eb5c98d8}> (0x00000000eb5c98d8) 
thrown [s\src\hotspot\share\prims\jni.cpp, line 520]
Event: 61.392 Thread 0x0000028ad42b9e30 Exception <a 'sun/nio/fs/WindowsException'{0x00000000eb5ca1b8}> (0x00000000eb5ca1b8) 
thrown [s\src\hotspot\share\prims\jni.cpp, line 520]
Event: 61.393 Thread 0x0000028ad42b83f0 Exception <a 'sun/nio/fs/WindowsException'{0x00000000eb44a9a8}> (0x00000000eb44a9a8) 
thrown [s\src\hotspot\share\prims\jni.cpp, line 520]

ZGC Phase Switch (0 events):
No events

VM Operations (20 events):
Event: 59.853 Executing VM operation: ParallelGCFailedAllocation (Allocation Failure) done
Event: 59.941 Executing VM operation: HandshakeAllThreads (Deoptimize)
Event: 59.955 Executing VM operation: HandshakeAllThreads (Deoptimize) done
Event: 60.110 Executing VM operation: HandshakeAllThreads (HandshakeForDeflation)
Event: 60.128 Executing VM operation: HandshakeAllThreads (HandshakeForDeflation) done
Event: 60.128 Executing VM operation: RendezvousGCThreads
Event: 60.128 Executing VM operation: RendezvousGCThreads done
Event: 60.187 Executing VM operation: HandshakeAllThreads (Deoptimize)
Event: 60.214 Executing VM operation: HandshakeAllThreads (Deoptimize) done
Event: 61.228 Executing VM operation: Cleanup
Event: 61.340 Executing VM operation: Cleanup done
Event: 61.345 Executing VM operation: HandshakeAllThreads (Deoptimize)
Event: 61.346 Executing VM operation: HandshakeAllThreads (Deoptimize) done
Event: 61.444 Executing VM operation: ParallelGCFailedAllocation (Allocation Failure)
Event: 61.450 Executing VM operation: ParallelGCFailedAllocation (Allocation Failure) done
Event: 61.802 Executing VM operation: ParallelGCFailedAllocation (Allocation Failure)
Event: 61.820 Executing VM operation: ParallelGCFailedAllocation (Allocation Failure) done
Event: 62.831 Executing VM operation: Cleanup
Event: 62.960 Executing VM operation: Cleanup done
Event: 63.028 Executing VM operation: ParallelGCFailedAllocation (Allocation Failure)

Memory protections (0 events):
No events

Nmethod flushes (20 events):
Event: 34.498 Thread 0x0000028af6213df0 flushing  nmethod 0x0000028a8095dd90
Event: 34.498 Thread 0x0000028af6213df0 flushing  nmethod 0x0000028a80962510
Event: 34.498 Thread 0x0000028af6213df0 flushing  nmethod 0x0000028a80963110
Event: 34.498 Thread 0x0000028af6213df0 flushing  nmethod 0x0000028a80963710
Event: 34.498 Thread 0x0000028af6213df0 flushing  nmethod 0x0000028a80963b90
Event: 34.498 Thread 0x0000028af6213df0 flushing  nmethod 0x0000028a8096a190
Event: 34.498 Thread 0x0000028af6213df0 flushing  nmethod 0x0000028a8096af90
Event: 34.498 Thread 0x0000028af6213df0 flushing  nmethod 0x0000028a8096c890
Event: 34.498 Thread 0x0000028af6213df0 flushing  nmethod 0x0000028a8096ce10
Event: 34.498 Thread 0x0000028af6213df0 flushing  nmethod 0x0000028a8096d290
Event: 34.498 Thread 0x0000028af6213df0 flushing  nmethod 0x0000028a8096d810
Event: 34.498 Thread 0x0000028af6213df0 flushing  nmethod 0x0000028a8096e890
Event: 34.498 Thread 0x0000028af6213df0 flushing  nmethod 0x0000028a8096ee90
Event: 34.498 Thread 0x0000028af6213df0 flushing  nmethod 0x0000028a80973010
Event: 34.498 Thread 0x0000028af6213df0 flushing  nmethod 0x0000028a80978190
Event: 34.498 Thread 0x0000028af6213df0 flushing  nmethod 0x0000028a8097da10
Event: 34.498 Thread 0x0000028af6213df0 flushing  nmethod 0x0000028a80999b10
Event: 34.498 Thread 0x0000028af6213df0 flushing  nmethod 0x0000028a8099a490
Event: 34.498 Thread 0x0000028af6213df0 flushing  nmethod 0x0000028a8099aa10
Event: 34.498 Thread 0x0000028af6213df0 flushing  nmethod 0x0000028a809b5190

Events (20 events):
Event: 45.664 Thread 0x0000028ad5436a20 Thread added: 0x0000028ad8507170
Event: 45.735 Thread 0x0000028afda26b20 Thread added: 0x0000028aff5515a0
Event: 45.798 Thread 0x0000028afda26b20 Thread added: 0x0000028ad881bba0
Event: 47.114 Thread 0x0000028ad881bba0 Thread exited: 0x0000028ad881bba0
Event: 47.696 Thread 0x0000028afda26b20 Thread added: 0x0000028ad881b4d0
Event: 47.724 Thread 0x0000028ad5436a20 Thread added: 0x0000028ad8505dc0
Event: 47.747 Thread 0x0000028ad8505dc0 Thread added: 0x0000028ad8506ae0
Event: 47.897 Thread 0x0000028ad5436a20 Thread added: 0x0000028ad8506450
Event: 47.929 Thread 0x0000028ad5436a20 Thread added: 0x0000028ad8507e90
Event: 47.930 Thread 0x0000028ad5436a20 Thread added: 0x0000028ad8504a10
Event: 49.472 Thread 0x0000028ad42b9e30 Thread added: 0x0000028ad850a5f0
Event: 50.532 Thread 0x0000028ad881b4d0 Thread exited: 0x0000028ad881b4d0
Event: 50.607 Thread 0x0000028aff5515a0 Thread exited: 0x0000028aff5515a0
Event: 50.701 Thread 0x0000028afda26b20 Thread added: 0x0000028ad881ae00
Event: 52.217 Thread 0x0000028afda26b20 Thread added: 0x0000028ad881d010
Event: 54.942 Thread 0x0000028ad850a5f0 Thread exited: 0x0000028ad850a5f0
Event: 58.874 Thread 0x0000028ad881d010 Thread exited: 0x0000028ad881d010
Event: 59.124 Thread 0x0000028ad881ae00 Thread exited: 0x0000028ad881ae00
Event: 59.175 Thread 0x0000028afda26b20 Thread added: 0x0000028ad881ae00
Event: 59.732 Thread 0x0000028afda26b20 Thread added: 0x0000028ad881b4d0


Dynamic libraries:
0x00007ff6b2600000 - 0x00007ff6b260e000 	c:\Users\bappa\.vscode\extensions\redhat.java-1.39.0-win32-x64\jre\21.0.5-win32-x86_64\bin\java.exe
0x00007fff4e3e0000 - 0x00007fff4e643000 	C:\WINDOWS\SYSTEM32\ntdll.dll
0x00007fff4c540000 - 0x00007fff4c608000 	C:\WINDOWS\System32\KERNEL32.DLL
0x00007fff4bc60000 - 0x00007fff4c012000 	C:\WINDOWS\System32\KERNELBASE.dll
0x00007fff4c050000 - 0x00007fff4c19b000 	C:\WINDOWS\System32\ucrtbase.dll
0x00007fff27150000 - 0x00007fff27168000 	c:\Users\bappa\.vscode\extensions\redhat.java-1.39.0-win32-x64\jre\21.0.5-win32-x86_64\bin\jli.dll
0x00007fff4dbd0000 - 0x00007fff4dd98000 	C:\WINDOWS\System32\USER32.dll
0x00007fff4c020000 - 0x00007fff4c047000 	C:\WINDOWS\System32\win32u.dll
0x00007fff22930000 - 0x00007fff2294e000 	c:\Users\bappa\.vscode\extensions\redhat.java-1.39.0-win32-x64\jre\21.0.5-win32-x86_64\bin\VCRUNTIME140.dll
0x00007fff4d400000 - 0x00007fff4d42a000 	C:\WINDOWS\System32\GDI32.dll
0x00007fff4b7b0000 - 0x00007fff4b8db000 	C:\WINDOWS\System32\gdi32full.dll
0x00007fff37980000 - 0x00007fff37c10000 	C:\WINDOWS\WinSxS\amd64_microsoft.windows.common-controls_6595b64144ccf1df_6.0.26100.2454_none_3e0b68a2e331ad60\COMCTL32.dll
0x00007fff4bbb0000 - 0x00007fff4bc53000 	C:\WINDOWS\System32\msvcp_win.dll
0x00007fff4c240000 - 0x00007fff4c2e9000 	C:\WINDOWS\System32\msvcrt.dll
0x00007fff4c500000 - 0x00007fff4c52f000 	C:\WINDOWS\System32\IMM32.DLL
0x00007fff45cb0000 - 0x00007fff45cbc000 	c:\Users\bappa\.vscode\extensions\redhat.java-1.39.0-win32-x64\jre\21.0.5-win32-x86_64\bin\vcruntime140_1.dll
0x00007fff1e410000 - 0x00007fff1e49d000 	c:\Users\bappa\.vscode\extensions\redhat.java-1.39.0-win32-x64\jre\21.0.5-win32-x86_64\bin\msvcp140.dll
0x00007ffed9380000 - 0x00007ffeda10f000 	c:\Users\bappa\.vscode\extensions\redhat.java-1.39.0-win32-x64\jre\21.0.5-win32-x86_64\bin\server\jvm.dll
0x00007fff4cd20000 - 0x00007fff4cdd4000 	C:\WINDOWS\System32\ADVAPI32.dll
0x00007fff4cad0000 - 0x00007fff4cb76000 	C:\WINDOWS\System32\sechost.dll
0x00007fff4e1c0000 - 0x00007fff4e2d6000 	C:\WINDOWS\System32\RPCRT4.dll
0x00007fff4c480000 - 0x00007fff4c4f4000 	C:\WINDOWS\System32\WS2_32.dll
0x00007fff4b640000 - 0x00007fff4b68e000 	C:\WINDOWS\SYSTEM32\POWRPROF.dll
0x00007fff282b0000 - 0x00007fff282e6000 	C:\WINDOWS\SYSTEM32\WINMM.dll
0x00007fff42d60000 - 0x00007fff42d6b000 	C:\WINDOWS\SYSTEM32\VERSION.dll
0x00007fff4b620000 - 0x00007fff4b634000 	C:\WINDOWS\SYSTEM32\UMPDC.dll
0x00007fff4a5f0000 - 0x00007fff4a60a000 	C:\WINDOWS\SYSTEM32\kernel.appcore.dll
0x00007fff458e0000 - 0x00007fff458ea000 	c:\Users\bappa\.vscode\extensions\redhat.java-1.39.0-win32-x64\jre\21.0.5-win32-x86_64\bin\jimage.dll
0x00007fff491b0000 - 0x00007fff493f1000 	C:\WINDOWS\SYSTEM32\DBGHELP.DLL
0x00007fff4de30000 - 0x00007fff4e1ae000 	C:\WINDOWS\System32\combase.dll
0x00007fff4c390000 - 0x00007fff4c466000 	C:\WINDOWS\System32\OLEAUT32.dll
0x00007fff35a10000 - 0x00007fff35a49000 	C:\WINDOWS\SYSTEM32\dbgcore.DLL
0x00007fff4c1a0000 - 0x00007fff4c239000 	C:\WINDOWS\System32\bcryptPrimitives.dll
0x00007fff42010000 - 0x00007fff4201f000 	c:\Users\bappa\.vscode\extensions\redhat.java-1.39.0-win32-x64\jre\21.0.5-win32-x86_64\bin\instrument.dll
0x00007fff1f890000 - 0x00007fff1f8af000 	c:\Users\bappa\.vscode\extensions\redhat.java-1.39.0-win32-x64\jre\21.0.5-win32-x86_64\bin\java.dll
0x00007fff4d4b0000 - 0x00007fff4dbb1000 	C:\WINDOWS\System32\SHELL32.dll
0x00007fff49500000 - 0x00007fff49d31000 	C:\WINDOWS\SYSTEM32\windows.storage.dll
0x00007fff4c820000 - 0x00007fff4c8fa000 	C:\WINDOWS\System32\SHCORE.dll
0x00007fff4e340000 - 0x00007fff4e39d000 	C:\WINDOWS\System32\shlwapi.dll
0x00007fff4b6c0000 - 0x00007fff4b6ee000 	C:\WINDOWS\SYSTEM32\profapi.dll
0x00007fff1f870000 - 0x00007fff1f888000 	c:\Users\bappa\.vscode\extensions\redhat.java-1.39.0-win32-x64\jre\21.0.5-win32-x86_64\bin\zip.dll
0x00007fff39f70000 - 0x00007fff39f80000 	C:\Users\bappa\.vscode\extensions\redhat.java-1.39.0-win32-x64\jre\21.0.5-win32-x86_64\bin\net.dll
0x00007fff43730000 - 0x00007fff43856000 	C:\WINDOWS\SYSTEM32\WINHTTP.dll
0x00007fff4aaf0000 - 0x00007fff4ab58000 	C:\WINDOWS\system32\mswsock.dll
0x00007fff1ecd0000 - 0x00007fff1ece6000 	C:\Users\bappa\.vscode\extensions\redhat.java-1.39.0-win32-x64\jre\21.0.5-win32-x86_64\bin\nio.dll
0x00007fff39a60000 - 0x00007fff39a70000 	c:\Users\bappa\.vscode\extensions\redhat.java-1.39.0-win32-x64\jre\21.0.5-win32-x86_64\bin\verify.dll
0x00007fff18d50000 - 0x00007fff18d95000 	C:\Users\bappa\AppData\Roaming\Code\User\globalStorage\redhat.java\1.39.0\config_win\org.eclipse.equinox.launcher\org.eclipse.equinox.launcher.win32.win32.x86_64_1.2.1100.v20240722-2106\eclipse_11904.dll
0x00007fff4cb80000 - 0x00007fff4cd19000 	C:\WINDOWS\System32\ole32.dll
0x00007fff4ada0000 - 0x00007fff4adbc000 	C:\WINDOWS\SYSTEM32\CRYPTSP.dll
0x00007fff4a550000 - 0x00007fff4a588000 	C:\WINDOWS\system32\rsaenh.dll
0x00007fff4ab90000 - 0x00007fff4abbb000 	C:\WINDOWS\SYSTEM32\USERENV.dll
0x00007fff4afd0000 - 0x00007fff4aff6000 	C:\WINDOWS\SYSTEM32\bcrypt.dll
0x00007fff4ad90000 - 0x00007fff4ad9c000 	C:\WINDOWS\SYSTEM32\CRYPTBASE.dll
0x00007fff4a080000 - 0x00007fff4a0b2000 	C:\WINDOWS\SYSTEM32\IPHLPAPI.DLL
0x00007fff4c380000 - 0x00007fff4c38a000 	C:\WINDOWS\System32\NSI.dll
0x00007fff46b80000 - 0x00007fff46bc9000 	C:\Users\bappa\AppData\Local\Temp\jna-93505986\jna10945782722525955317.dll
0x00007fff4de20000 - 0x00007fff4de28000 	C:\WINDOWS\System32\PSAPI.DLL
0x00007fff44060000 - 0x00007fff4407e000 	C:\WINDOWS\SYSTEM32\dhcpcsvc6.DLL
0x00007fff43700000 - 0x00007fff43725000 	C:\WINDOWS\SYSTEM32\dhcpcsvc.DLL

dbghelp: loaded successfully - version: 4.0.5 - missing functions: none
symbol engine: initialized successfully - sym options: 0x614 - pdb path: .;c:\Users\bappa\.vscode\extensions\redhat.java-1.39.0-win32-x64\jre\21.0.5-win32-x86_64\bin;C:\WINDOWS\SYSTEM32;C:\WINDOWS\WinSxS\amd64_microsoft.windows.common-controls_6595b64144ccf1df_6.0.26100.2454_none_3e0b68a2e331ad60;c:\Users\bappa\.vscode\extensions\redhat.java-1.39.0-win32-x64\jre\21.0.5-win32-x86_64\bin\server;C:\Users\bappa\AppData\Roaming\Code\User\globalStorage\redhat.java\1.39.0\config_win\org.eclipse.equinox.launcher\org.eclipse.equinox.launcher.win32.win32.x86_64_1.2.1100.v20240722-2106;C:\Users\bappa\AppData\Local\Temp\jna-93505986

VM Arguments:
jvm_args: --add-modules=ALL-SYSTEM --add-opens=java.base/java.util=ALL-UNNAMED --add-opens=java.base/java.lang=ALL-UNNAMED --add-opens=java.base/sun.nio.fs=ALL-UNNAMED -Declipse.application=org.eclipse.jdt.ls.core.id1 -Dosgi.bundles.defaultStartLevel=4 -Declipse.product=org.eclipse.jdt.ls.core.product -Djava.import.generatesMetadataFilesAtProjectRoot=false -DDetectVMInstallationsJob.disabled=true -Dfile.encoding=utf8 -XX:+UseParallelGC -XX:GCTimeRatio=4 -XX:AdaptiveSizePolicyWeight=90 -Dsun.zip.disableMemoryMapping=true -Xmx1G -Xms100m -Xlog:disable -javaagent:c:\Users\bappa\.vscode\extensions\redhat.java-1.39.0-win32-x64\lombok\lombok-1.18.34.jar -XX:+HeapDumpOnOutOfMemoryError -XX:HeapDumpPath=c:\Users\bappa\AppData\Roaming\Code\User\workspaceStorage\90d377f917b17aaa3f97234e233ec56e\redhat.java -Daether.dependencyCollector.impl=bf 
java_command: c:\Users\bappa\.vscode\extensions\redhat.java-1.39.0-win32-x64\server\plugins\org.eclipse.equinox.launcher_1.6.900.v20240613-2009.jar -configuration c:\Users\bappa\AppData\Roaming\Code\User\globalStorage\redhat.java\1.39.0\config_win -data c:\Users\bappa\AppData\Roaming\Code\User\workspaceStorage\90d377f917b17aaa3f97234e233ec56e\redhat.java\jdt_ws --pipe=\\.\pipe\lsp-170b6917196d687cf08bf1142770042a-sock
java_class_path (initial): c:\Users\bappa\.vscode\extensions\redhat.java-1.39.0-win32-x64\server\plugins\org.eclipse.equinox.launcher_1.6.900.v20240613-2009.jar
Launcher Type: SUN_STANDARD

[Global flags]
    uintx AdaptiveSizePolicyWeight                 = 90                                        {product} {command line}
     intx CICompilerCount                          = 4                                         {product} {ergonomic}
    uintx GCTimeRatio                              = 4                                         {product} {command line}
     bool HeapDumpOnOutOfMemoryError               = true                                   {manageable} {command line}
    ccstr HeapDumpPath                             = c:\Users\bappa\AppData\Roaming\Code\User\workspaceStorage\90d377f917b17aaa3f97234e233ec56e\redhat.java         {manageable} {command line}
   size_t InitialHeapSize                          = 104857600                                 {product} {command line}
   size_t MaxHeapSize                              = 1073741824                                {product} {command line}
   size_t MaxNewSize                               = 357564416                                 {product} {ergonomic}
   size_t MinHeapDeltaBytes                        = 524288                                    {product} {ergonomic}
   size_t MinHeapSize                              = 104857600                                 {product} {command line}
   size_t NewSize                                  = 34603008                                  {product} {ergonomic}
    uintx NonNMethodCodeHeapSize                   = 5839372                                {pd product} {ergonomic}
    uintx NonProfiledCodeHeapSize                  = 122909434                              {pd product} {ergonomic}
   size_t OldSize                                  = 70254592                                  {product} {ergonomic}
    uintx ProfiledCodeHeapSize                     = 122909434                              {pd product} {ergonomic}
    uintx ReservedCodeCacheSize                    = 251658240                              {pd product} {ergonomic}
     bool SegmentedCodeCache                       = true                                      {product} {ergonomic}
   size_t SoftMaxHeapSize                          = 1073741824                             {manageable} {ergonomic}
     bool UseCompressedOops                        = true                           {product lp64_product} {ergonomic}
     bool UseLargePagesIndividualAllocation        = false                                  {pd product} {ergonomic}
     bool UseParallelGC                            = true                                      {product} {command line}

Logging:
Log output configuration:
 #0: stdout all=off uptime,level,tags foldmultilines=false
 #1: stderr all=off uptime,level,tags foldmultilines=false

Environment Variables:
PATH=C:\Program Files\Common Files\Oracle\Java\javapath;C:\WINDOWS\system32;C:\WINDOWS;C:\WINDOWS\System32\Wbem;C:\WINDOWS\System32\WindowsPowerShell\v1.0\;C:\WINDOWS\System32\OpenSSH\;C:\MinGW\bin;C:\Program Files\MongoDB\mongosh-2.3.1-win32-x64\bin;C:\Users\bappa\AppData\Roaming\nvm;C:\Program Files\nodejs;C:\Users\bappa\Downloads\apache-maven-3.9.9-bin\apache-maven-3.9.9\bin;C:\Program Files\Git\cmd;C:\Program Files\Git\bin;C:\Users\bappa\AppData\Local\Microsoft\WindowsApps;C:\Users\bappa\AppData\Local\Programs\Microsoft VS Code\bin;C:\MinGW\bin;C:\Users\bappa\AppData\Roaming\npm;C:\Program Files\Java\jdk-23\bin;C:\Program Files\CMake\bin;C:\Users\bappa\AppData\Roaming\nvm;C:\Program Files\nodejs;;C:\Program Files\JetBrains\IntelliJ IDEA Community Edition 2024.3.1\bin;
USERNAME=bappa
OS=Windows_NT
PROCESSOR_IDENTIFIER=Intel64 Family 6 Model 126 Stepping 5, GenuineIntel
TMP=C:\Users\bappa\AppData\Local\Temp
TEMP=C:\Users\bappa\AppData\Local\Temp




Periodic native trim disabled

---------------  S Y S T E M  ---------------

OS:
 Windows 11 , 64 bit Build 26100 (10.0.26100.2454)
OS uptime: 0 days 1:33 hours

CPU: total 8 (initial active 8) (4 cores per cpu, 2 threads per core) family 6 model 126 stepping 5 microcode 0xa0, cx8, cmov, fxsr, ht, mmx, 3dnowpref, sse, sse2, sse3, ssse3, sse4.1, sse4.2, popcnt, lzcnt, tsc, tscinvbit, avx, avx2, aes, erms, clmul, bmi1, bmi2, adx, avx512f, avx512dq, avx512cd, avx512bw, avx512vl, sha, fma, vzeroupper, avx512_vpopcntdq, avx512_vpclmulqdq, avx512_vaes, avx512_vnni, clflush, clflushopt, avx512_vbmi2, avx512_vbmi, rdtscp, rdpid, fsrm, gfni, avx512_bitalg, f16c, pku, avx512_ifma
Processor Information for all 8 processors :
  Max Mhz: 1201, Current Mhz: 700, Mhz Limit: 996

Memory: 4k page, system-wide physical 7997M (1326M free)
TotalPageFile size 10045M (AvailPageFile size 0M)
current process WorkingSet (physical memory assigned to process): 831M, peak: 835M
current process commit charge ("private bytes"): 736M, peak: 742M

vm_info: OpenJDK 64-Bit Server VM (21.0.5+11-LTS) for windows-amd64 JRE (21.0.5+11-LTS), built on 2024-10-15T00:00:00Z by "admin" with MS VC++ 17.7 (VS2022)

END.
